11:41:27.507 INFO - Launching a standalone Selenium Server
11:41:27.553 INFO - Java: Oracle Corporation 25.131-b11
11:41:27.553 INFO - OS: Mac OS X 10.12.6 x86_64
11:41:27.573 INFO - v2.53.0, with Core v2.53.0. Built from revision 35ae25b
11:41:27.648 INFO - Driver provider org.openqa.selenium.ie.InternetExplorerDriver registration is skipped:
registration capabilities Capabilities [{ensureCleanSession=true, browserName=internet explorer, version=, platform=WINDOWS}] does not match the current platform MAC
11:41:27.648 INFO - Driver provider org.openqa.selenium.edge.EdgeDriver registration is skipped:
registration capabilities Capabilities [{browserName=MicrosoftEdge, version=, platform=WINDOWS}] does not match the current platform MAC
11:41:27.649 INFO - Driver class not found: com.opera.core.systems.OperaDriver
11:41:27.649 INFO - Driver provider com.opera.core.systems.OperaDriver is not registered
11:41:27.651 INFO - Driver class not found: org.openqa.selenium.htmlunit.HtmlUnitDriver
11:41:27.651 INFO - Driver provider org.openqa.selenium.htmlunit.HtmlUnitDriver is not registered
11:41:27.732 INFO - RemoteWebDriver instances should connect to: http://127.0.0.1:4444/wd/hub
11:41:27.733 INFO - Selenium Server is up and running
11:41:27.984 INFO - Executing: [new session: Capabilities [{headless=true, acceptSslCerts=true, name=Binding Test, browserName=chrome, javascriptEnabled=true, chromeOptions={args=[--start-maximized, --headless]}, platform=ANY}]])
11:41:27.998 INFO - Creating a new session for Capabilities [{headless=true, acceptSslCerts=true, name=Binding Test, browserName=chrome, javascriptEnabled=true, chromeOptions={args=[--start-maximized, --headless]}, platform=ANY}]
Starting ChromeDriver 2.29.461585 (0be2cd95f834e9ee7c46bcc7cf405b483f5ae83b) on port 36314
Only local connections are allowed.
11:41:28.720 INFO - Done: [new session: Capabilities [{headless=true, acceptSslCerts=true, name=Binding Test, browserName=chrome, javascriptEnabled=true, chromeOptions={args=[--start-maximized, --headless]}, platform=ANY}]]
11:41:28.729 INFO - Executing: [delete all cookies])
11:41:28.742 INFO - Done: [delete all cookies]
11:41:28.746 INFO - Executing: [get: http://localhost:8000/tests/binding.test.html])
11:41:29.003 INFO - Done: [get: http://localhost:8000/tests/binding.test.html]
11:41:29.010 INFO - Executing: [find elements: By.cssSelector: body])
11:41:29.040 INFO - Done: [find elements: By.cssSelector: body]
11:41:29.047 INFO - Executing: [find elements: By.cssSelector: test-binding])
11:41:29.061 INFO - Done: [find elements: By.cssSelector: test-binding]
11:41:29.065 INFO - Executing: [find elements: By.cssSelector: h1])
11:41:29.079 INFO - Done: [find elements: By.cssSelector: h1]
11:41:29.082 INFO - Executing: [find elements: By.cssSelector: h2])
11:41:29.095 INFO - Done: [find elements: By.cssSelector: h2]
11:41:29.101 INFO - Executing: [find element: By.cssSelector: h1])
11:41:29.116 INFO - Done: [find element: By.cssSelector: h1]
11:41:29.118 INFO - Executing: [get text: 2 [[ChromeDriver: chrome on MAC (5ff0e547ad92b2230740361ad3389b8a)] -> css selector: h1]])
11:41:29.141 INFO - Done: [get text: 2 [[ChromeDriver: chrome on MAC (5ff0e547ad92b2230740361ad3389b8a)] -> css selector: h1]]
11:41:29.145 INFO - Executing: [find element: By.cssSelector: h2])
11:41:29.156 INFO - Done: [find element: By.cssSelector: h2]
11:41:29.159 INFO - Executing: [get text: 3 [[ChromeDriver: chrome on MAC (5ff0e547ad92b2230740361ad3389b8a)] -> css selector: h2]])
11:41:29.173 INFO - Done: [get text: 3 [[ChromeDriver: chrome on MAC (5ff0e547ad92b2230740361ad3389b8a)] -> css selector: h2]]
11:41:29.176 INFO - Executing: [find element: By.cssSelector: #check-prop])
11:41:29.187 INFO - Done: [find element: By.cssSelector: #check-prop]
11:41:29.189 INFO - Executing: [get element attribute: 4 [[ChromeDriver: chrome on MAC (5ff0e547ad92b2230740361ad3389b8a)] -> css selector: #check-prop], attr])
11:41:29.196 INFO - Done: [get element attribute: 4 [[ChromeDriver: chrome on MAC (5ff0e547ad92b2230740361ad3389b8a)] -> css selector: #check-prop], attr]
11:41:29.199 INFO - Executing: [find element: By.cssSelector: #check-prop])
11:41:29.207 INFO - Done: [find element: By.cssSelector: #check-prop]
11:41:29.209 INFO - Executing: [get element attribute: 4 [[ChromeDriver: chrome on MAC (5ff0e547ad92b2230740361ad3389b8a)] -> css selector: #check-prop], nested-value])
11:41:29.214 INFO - Done: [get element attribute: 4 [[ChromeDriver: chrome on MAC (5ff0e547ad92b2230740361ad3389b8a)] -> css selector: #check-prop], nested-value]
11:41:29.217 INFO - Executing: [find element: By.cssSelector: #check-method])
11:41:29.229 INFO - Done: [find element: By.cssSelector: #check-method]
11:41:29.232 INFO - Executing: [get element attribute: 5 [[ChromeDriver: chrome on MAC (5ff0e547ad92b2230740361ad3389b8a)] -> css selector: #check-method], attr])
11:41:29.238 INFO - Done: [get element attribute: 5 [[ChromeDriver: chrome on MAC (5ff0e547ad92b2230740361ad3389b8a)] -> css selector: #check-method], attr]
11:41:29.240 INFO - Executing: [find element: By.cssSelector: #check-method])
11:41:29.246 INFO - Done: [find element: By.cssSelector: #check-method]
11:41:29.248 INFO - Executing: [get element attribute: 5 [[ChromeDriver: chrome on MAC (5ff0e547ad92b2230740361ad3389b8a)] -> css selector: #check-method], nested-value])
11:41:29.254 INFO - Done: [get element attribute: 5 [[ChromeDriver: chrome on MAC (5ff0e547ad92b2230740361ad3389b8a)] -> css selector: #check-method], nested-value]
11:41:29.256 INFO - Executing: [find element: By.cssSelector: #check-method])
11:41:29.263 INFO - Done: [find element: By.cssSelector: #check-method]
11:41:29.265 INFO - Executing: [get element attribute: 5 [[ChromeDriver: chrome on MAC (5ff0e547ad92b2230740361ad3389b8a)] -> css selector: #check-method], multi])
11:41:29.271 INFO - Done: [get element attribute: 5 [[ChromeDriver: chrome on MAC (5ff0e547ad92b2230740361ad3389b8a)] -> css selector: #check-method], multi]
11:41:29.273 INFO - Executing: [find element: By.cssSelector: h1])
11:41:29.280 INFO - Done: [find element: By.cssSelector: h1]
11:41:29.282 INFO - Executing: [click: 2 [[ChromeDriver: chrome on MAC (5ff0e547ad92b2230740361ad3389b8a)] -> css selector: h1]])
11:41:29.317 INFO - Done: [click: 2 [[ChromeDriver: chrome on MAC (5ff0e547ad92b2230740361ad3389b8a)] -> css selector: h1]]
11:41:29.320 INFO - Executing: [find element: By.cssSelector: h1])
11:41:29.327 INFO - Done: [find element: By.cssSelector: h1]
11:41:29.329 INFO - Executing: [get text: 2 [[ChromeDriver: chrome on MAC (5ff0e547ad92b2230740361ad3389b8a)] -> css selector: h1]])
11:41:29.336 INFO - Done: [get text: 2 [[ChromeDriver: chrome on MAC (5ff0e547ad92b2230740361ad3389b8a)] -> css selector: h1]]
11:41:29.339 INFO - Executing: [find element: By.cssSelector: h2])
11:41:29.345 INFO - Done: [find element: By.cssSelector: h2]
11:41:29.348 INFO - Executing: [get text: 3 [[ChromeDriver: chrome on MAC (5ff0e547ad92b2230740361ad3389b8a)] -> css selector: h2]])
11:41:29.355 INFO - Done: [get text: 3 [[ChromeDriver: chrome on MAC (5ff0e547ad92b2230740361ad3389b8a)] -> css selector: h2]]
11:41:29.357 INFO - Executing: [find element: By.cssSelector: #check-prop])
11:41:29.365 INFO - Done: [find element: By.cssSelector: #check-prop]
11:41:29.368 INFO - Executing: [get element attribute: 4 [[ChromeDriver: chrome on MAC (5ff0e547ad92b2230740361ad3389b8a)] -> css selector: #check-prop], attr])
11:41:29.373 INFO - Done: [get element attribute: 4 [[ChromeDriver: chrome on MAC (5ff0e547ad92b2230740361ad3389b8a)] -> css selector: #check-prop], attr]
11:41:29.375 INFO - Executing: [find element: By.cssSelector: #check-method])
11:41:29.383 INFO - Done: [find element: By.cssSelector: #check-method]
11:41:29.385 INFO - Executing: [get element attribute: 5 [[ChromeDriver: chrome on MAC (5ff0e547ad92b2230740361ad3389b8a)] -> css selector: #check-method], attr])
11:41:29.389 INFO - Done: [get element attribute: 5 [[ChromeDriver: chrome on MAC (5ff0e547ad92b2230740361ad3389b8a)] -> css selector: #check-method], attr]
11:41:29.391 INFO - Executing: [find element: By.cssSelector: #check-undefined-method])
11:41:29.405 INFO - Done: [find element: By.cssSelector: #check-undefined-method]
11:41:29.407 INFO - Executing: [get text: 6 [[ChromeDriver: chrome on MAC (5ff0e547ad92b2230740361ad3389b8a)] -> css selector: #check-undefined-method]])
11:41:29.420 INFO - Done: [get text: 6 [[ChromeDriver: chrome on MAC (5ff0e547ad92b2230740361ad3389b8a)] -> css selector: #check-undefined-method]]
11:41:29.422 INFO - Executing: [find element: By.cssSelector: #check-method])
11:41:29.429 INFO - Done: [find element: By.cssSelector: #check-method]
11:41:29.431 INFO - Executing: [get element attribute: 5 [[ChromeDriver: chrome on MAC (5ff0e547ad92b2230740361ad3389b8a)] -> css selector: #check-method], multi])
11:41:29.437 INFO - Done: [get element attribute: 5 [[ChromeDriver: chrome on MAC (5ff0e547ad92b2230740361ad3389b8a)] -> css selector: #check-method], multi]
11:41:29.440 INFO - Executing: [execute script: 
            document.querySelector('test-binding').myName = 'test';
        , []])
11:41:31.364 WARN - Exception thrown
org.openqa.selenium.WebDriverException: unknown error: call function result missing 'value'
  (Session info: headless chrome=65.0.3325.181)
  (Driver info: chromedriver=2.29.461585 (0be2cd95f834e9ee7c46bcc7cf405b483f5ae83b),platform=Mac OS X 10.12.6 x86_64) (WARNING: The server did not provide any stacktrace information)
Command duration or timeout: 5 milliseconds
Build info: version: '2.53.0', revision: '35ae25b', time: '2016-03-15 17:00:58'
System info: host: 'Avichays-MacBook-Pro.local', ip: '10.0.12.215', os.name: 'Mac OS X', os.arch: 'x86_64', os.version: '10.12.6', java.version: '1.8.0_131'
Driver info: org.openqa.selenium.chrome.ChromeDriver
Capabilities [{applicationCacheEnabled=false, rotatable=false, mobileEmulationEnabled=false, networkConnectionEnabled=false, chrome={chromedriverVersion=2.29.461585 (0be2cd95f834e9ee7c46bcc7cf405b483f5ae83b), userDataDir=/var/folders/4m/y5vvsdc516qg8fr74pqft6q40000gn/T/.org.chromium.Chromium.hoUdKQ}, takesHeapSnapshot=true, pageLoadStrategy=normal, databaseEnabled=false, handlesAlerts=true, hasTouchScreen=false, version=65.0.3325.181, platform=MAC, browserConnectionEnabled=false, nativeEvents=true, acceptSslCerts=true, locationContextEnabled=true, webStorageEnabled=true, browserName=chrome, takesScreenshot=true, javascriptEnabled=true, cssSelectorsEnabled=true, unexpectedAlertBehaviour=}]
Session ID: 5ff0e547ad92b2230740361ad3389b8a
	at sun.reflect.NativeConstructorAccessorImpl.newInstance0(Native Method)
	at sun.reflect.NativeConstructorAccessorImpl.newInstance(NativeConstructorAccessorImpl.java:62)
	at sun.reflect.DelegatingConstructorAccessorImpl.newInstance(DelegatingConstructorAccessorImpl.java:45)
	at java.lang.reflect.Constructor.newInstance(Constructor.java:423)
	at org.openqa.selenium.remote.ErrorHandler.createThrowable(ErrorHandler.java:206)
	at org.openqa.selenium.remote.ErrorHandler.throwIfResponseFailed(ErrorHandler.java:158)
	at org.openqa.selenium.remote.RemoteWebDriver.execute(RemoteWebDriver.java:678)
	at org.openqa.selenium.remote.RemoteWebDriver.executeScript(RemoteWebDriver.java:577)
	at sun.reflect.NativeMethodAccessorImpl.invoke0(Native Method)
	at sun.reflect.NativeMethodAccessorImpl.invoke(NativeMethodAccessorImpl.java:62)
	at sun.reflect.DelegatingMethodAccessorImpl.invoke(DelegatingMethodAccessorImpl.java:43)
	at java.lang.reflect.Method.invoke(Method.java:498)
	at org.openqa.selenium.support.events.EventFiringWebDriver$2.invoke(EventFiringWebDriver.java:103)
	at com.sun.proxy.$Proxy1.executeScript(Unknown Source)
	at org.openqa.selenium.support.events.EventFiringWebDriver.executeScript(EventFiringWebDriver.java:217)
	at org.openqa.selenium.remote.server.handler.ExecuteScript.call(ExecuteScript.java:56)
	at java.util.concurrent.FutureTask.run(FutureTask.java:266)
	at org.openqa.selenium.remote.server.DefaultSession$1.run(DefaultSession.java:176)
	at java.util.concurrent.ThreadPoolExecutor.runWorker(ThreadPoolExecutor.java:1142)
	at java.util.concurrent.ThreadPoolExecutor$Worker.run(ThreadPoolExecutor.java:617)
	at java.lang.Thread.run(Thread.java:748)
11:41:31.367 WARN - Exception: unknown error: call function result missing 'value'
  (Session info: headless chrome=65.0.3325.181)
  (Driver info: chromedriver=2.29.461585 (0be2cd95f834e9ee7c46bcc7cf405b483f5ae83b),platform=Mac OS X 10.12.6 x86_64) (WARNING: The server did not provide any stacktrace information)
Command duration or timeout: 5 milliseconds
Build info: version: '2.53.0', revision: '35ae25b', time: '2016-03-15 17:00:58'
System info: host: 'Avichays-MacBook-Pro.local', ip: '10.0.12.215', os.name: 'Mac OS X', os.arch: 'x86_64', os.version: '10.12.6', java.version: '1.8.0_131'
Driver info: org.openqa.selenium.chrome.ChromeDriver
Capabilities [{applicationCacheEnabled=false, rotatable=false, mobileEmulationEnabled=false, networkConnectionEnabled=false, chrome={chromedriverVersion=2.29.461585 (0be2cd95f834e9ee7c46bcc7cf405b483f5ae83b), userDataDir=/var/folders/4m/y5vvsdc516qg8fr74pqft6q40000gn/T/.org.chromium.Chromium.hoUdKQ}, takesHeapSnapshot=true, pageLoadStrategy=normal, databaseEnabled=false, handlesAlerts=true, hasTouchScreen=false, version=65.0.3325.181, platform=MAC, browserConnectionEnabled=false, nativeEvents=true, acceptSslCerts=true, locationContextEnabled=true, webStorageEnabled=true, browserName=chrome, takesScreenshot=true, javascriptEnabled=true, cssSelectorsEnabled=true, unexpectedAlertBehaviour=}]
Session ID: 5ff0e547ad92b2230740361ad3389b8a
11:41:31.629 INFO - Executing: [find element: By.cssSelector: h1])
11:41:31.636 INFO - Done: [find element: By.cssSelector: h1]
11:41:31.641 INFO - Executing: [get text: 2 [[ChromeDriver: chrome on MAC (5ff0e547ad92b2230740361ad3389b8a)] -> css selector: h1]])
11:41:31.648 INFO - Done: [get text: 2 [[ChromeDriver: chrome on MAC (5ff0e547ad92b2230740361ad3389b8a)] -> css selector: h1]]
11:41:31.652 INFO - Executing: [find element: By.cssSelector: h2])
11:41:31.659 INFO - Done: [find element: By.cssSelector: h2]
11:41:31.662 INFO - Executing: [get text: 3 [[ChromeDriver: chrome on MAC (5ff0e547ad92b2230740361ad3389b8a)] -> css selector: h2]])
11:41:31.669 INFO - Done: [get text: 3 [[ChromeDriver: chrome on MAC (5ff0e547ad92b2230740361ad3389b8a)] -> css selector: h2]]
11:41:31.672 INFO - Executing: [find element: By.cssSelector: #check-prop])
11:41:31.678 INFO - Done: [find element: By.cssSelector: #check-prop]
11:41:31.680 INFO - Executing: [get element attribute: 4 [[ChromeDriver: chrome on MAC (5ff0e547ad92b2230740361ad3389b8a)] -> css selector: #check-prop], attr])
11:41:31.684 INFO - Done: [get element attribute: 4 [[ChromeDriver: chrome on MAC (5ff0e547ad92b2230740361ad3389b8a)] -> css selector: #check-prop], attr]
11:41:31.686 INFO - Executing: [find element: By.cssSelector: #check-method])
11:41:31.693 INFO - Done: [find element: By.cssSelector: #check-method]
11:41:31.696 INFO - Executing: [get element attribute: 5 [[ChromeDriver: chrome on MAC (5ff0e547ad92b2230740361ad3389b8a)] -> css selector: #check-method], attr])
11:41:31.701 INFO - Done: [get element attribute: 5 [[ChromeDriver: chrome on MAC (5ff0e547ad92b2230740361ad3389b8a)] -> css selector: #check-method], attr]
11:41:31.704 INFO - Executing: [find element: By.cssSelector: #check-undefined-method])
11:41:31.710 INFO - Done: [find element: By.cssSelector: #check-undefined-method]
11:41:31.712 INFO - Executing: [get text: 6 [[ChromeDriver: chrome on MAC (5ff0e547ad92b2230740361ad3389b8a)] -> css selector: #check-undefined-method]])
11:41:31.718 INFO - Done: [get text: 6 [[ChromeDriver: chrome on MAC (5ff0e547ad92b2230740361ad3389b8a)] -> css selector: #check-undefined-method]]
11:41:31.721 INFO - Executing: [find element: By.cssSelector: #check-method])
11:41:31.728 INFO - Done: [find element: By.cssSelector: #check-method]
11:41:31.730 INFO - Executing: [get element attribute: 5 [[ChromeDriver: chrome on MAC (5ff0e547ad92b2230740361ad3389b8a)] -> css selector: #check-method], multi])
11:41:31.735 INFO - Done: [get element attribute: 5 [[ChromeDriver: chrome on MAC (5ff0e547ad92b2230740361ad3389b8a)] -> css selector: #check-method], multi]
11:41:31.738 INFO - Executing: [delete all cookies])
11:41:31.741 INFO - Done: [delete all cookies]
11:41:31.743 INFO - Executing: [delete session: 2ade61b5-c69d-4ecd-af3f-feec03dec717])
11:41:31.814 INFO - Done: [delete session: 2ade61b5-c69d-4ecd-af3f-feec03dec717]
11:41:31.824 INFO - Executing: [new session: Capabilities [{headless=true, acceptSslCerts=true, name=Call Attribute Test, browserName=chrome, javascriptEnabled=true, chromeOptions={args=[--start-maximized, --headless]}, platform=ANY}]])
11:41:31.825 INFO - Creating a new session for Capabilities [{headless=true, acceptSslCerts=true, name=Call Attribute Test, browserName=chrome, javascriptEnabled=true, chromeOptions={args=[--start-maximized, --headless]}, platform=ANY}]
Starting ChromeDriver 2.29.461585 (0be2cd95f834e9ee7c46bcc7cf405b483f5ae83b) on port 16258
Only local connections are allowed.
11:41:32.233 INFO - Done: [new session: Capabilities [{headless=true, acceptSslCerts=true, name=Call Attribute Test, browserName=chrome, javascriptEnabled=true, chromeOptions={args=[--start-maximized, --headless]}, platform=ANY}]]
11:41:32.242 INFO - Executing: [delete all cookies])
11:41:32.266 INFO - Done: [delete all cookies]
11:41:32.275 INFO - Executing: [get: http://localhost:8000/tests/callAttribute.test.html])
11:41:32.574 INFO - Done: [get: http://localhost:8000/tests/callAttribute.test.html]
11:41:32.579 INFO - Executing: [find elements: By.cssSelector: body])
11:41:32.594 INFO - Done: [find elements: By.cssSelector: body]
11:41:32.602 INFO - Executing: [find elements: By.cssSelector: parent-node])
11:41:32.617 INFO - Done: [find elements: By.cssSelector: parent-node]
11:41:32.620 INFO - Executing: [find elements: By.cssSelector: child-node])
11:41:32.637 INFO - Done: [find elements: By.cssSelector: child-node]
11:41:32.640 INFO - Executing: [find element: By.cssSelector: parent-node div])
11:41:32.652 INFO - Done: [find element: By.cssSelector: parent-node div]
11:41:32.654 INFO - Executing: [get text: 3 [[ChromeDriver: chrome on MAC (47997ad23dfb0f4f2d080d843ad9156a)] -> css selector: parent-node div]])
11:41:32.670 INFO - Done: [get text: 3 [[ChromeDriver: chrome on MAC (47997ad23dfb0f4f2d080d843ad9156a)] -> css selector: parent-node div]]
11:41:32.673 INFO - Executing: [execute script: 
            window.unit.doIt('new message');
        , []])
11:41:33.880 WARN - Exception thrown
org.openqa.selenium.WebDriverException: unknown error: call function result missing 'value'
  (Session info: headless chrome=65.0.3325.181)
  (Driver info: chromedriver=2.29.461585 (0be2cd95f834e9ee7c46bcc7cf405b483f5ae83b),platform=Mac OS X 10.12.6 x86_64) (WARNING: The server did not provide any stacktrace information)
Command duration or timeout: 6 milliseconds
Build info: version: '2.53.0', revision: '35ae25b', time: '2016-03-15 17:00:58'
System info: host: 'Avichays-MacBook-Pro.local', ip: '10.0.12.215', os.name: 'Mac OS X', os.arch: 'x86_64', os.version: '10.12.6', java.version: '1.8.0_131'
Driver info: org.openqa.selenium.chrome.ChromeDriver
Capabilities [{applicationCacheEnabled=false, rotatable=false, mobileEmulationEnabled=false, networkConnectionEnabled=false, chrome={chromedriverVersion=2.29.461585 (0be2cd95f834e9ee7c46bcc7cf405b483f5ae83b), userDataDir=/var/folders/4m/y5vvsdc516qg8fr74pqft6q40000gn/T/.org.chromium.Chromium.1wtQqp}, takesHeapSnapshot=true, pageLoadStrategy=normal, databaseEnabled=false, handlesAlerts=true, hasTouchScreen=false, version=65.0.3325.181, platform=MAC, browserConnectionEnabled=false, nativeEvents=true, acceptSslCerts=true, locationContextEnabled=true, webStorageEnabled=true, browserName=chrome, takesScreenshot=true, javascriptEnabled=true, cssSelectorsEnabled=true, unexpectedAlertBehaviour=}]
Session ID: 47997ad23dfb0f4f2d080d843ad9156a
	at sun.reflect.NativeConstructorAccessorImpl.newInstance0(Native Method)
	at sun.reflect.NativeConstructorAccessorImpl.newInstance(NativeConstructorAccessorImpl.java:62)
	at sun.reflect.DelegatingConstructorAccessorImpl.newInstance(DelegatingConstructorAccessorImpl.java:45)
	at java.lang.reflect.Constructor.newInstance(Constructor.java:423)
	at org.openqa.selenium.remote.ErrorHandler.createThrowable(ErrorHandler.java:206)
	at org.openqa.selenium.remote.ErrorHandler.throwIfResponseFailed(ErrorHandler.java:158)
	at org.openqa.selenium.remote.RemoteWebDriver.execute(RemoteWebDriver.java:678)
	at org.openqa.selenium.remote.RemoteWebDriver.executeScript(RemoteWebDriver.java:577)
	at sun.reflect.NativeMethodAccessorImpl.invoke0(Native Method)
	at sun.reflect.NativeMethodAccessorImpl.invoke(NativeMethodAccessorImpl.java:62)
	at sun.reflect.DelegatingMethodAccessorImpl.invoke(DelegatingMethodAccessorImpl.java:43)
	at java.lang.reflect.Method.invoke(Method.java:498)
	at org.openqa.selenium.support.events.EventFiringWebDriver$2.invoke(EventFiringWebDriver.java:103)
	at com.sun.proxy.$Proxy1.executeScript(Unknown Source)
	at org.openqa.selenium.support.events.EventFiringWebDriver.executeScript(EventFiringWebDriver.java:217)
	at org.openqa.selenium.remote.server.handler.ExecuteScript.call(ExecuteScript.java:56)
	at java.util.concurrent.FutureTask.run(FutureTask.java:266)
	at org.openqa.selenium.remote.server.DefaultSession$1.run(DefaultSession.java:176)
	at java.util.concurrent.ThreadPoolExecutor.runWorker(ThreadPoolExecutor.java:1142)
	at java.util.concurrent.ThreadPoolExecutor$Worker.run(ThreadPoolExecutor.java:617)
	at java.lang.Thread.run(Thread.java:748)
11:41:33.881 WARN - Exception: unknown error: call function result missing 'value'
  (Session info: headless chrome=65.0.3325.181)
  (Driver info: chromedriver=2.29.461585 (0be2cd95f834e9ee7c46bcc7cf405b483f5ae83b),platform=Mac OS X 10.12.6 x86_64) (WARNING: The server did not provide any stacktrace information)
Command duration or timeout: 6 milliseconds
Build info: version: '2.53.0', revision: '35ae25b', time: '2016-03-15 17:00:58'
System info: host: 'Avichays-MacBook-Pro.local', ip: '10.0.12.215', os.name: 'Mac OS X', os.arch: 'x86_64', os.version: '10.12.6', java.version: '1.8.0_131'
Driver info: org.openqa.selenium.chrome.ChromeDriver
Capabilities [{applicationCacheEnabled=false, rotatable=false, mobileEmulationEnabled=false, networkConnectionEnabled=false, chrome={chromedriverVersion=2.29.461585 (0be2cd95f834e9ee7c46bcc7cf405b483f5ae83b), userDataDir=/var/folders/4m/y5vvsdc516qg8fr74pqft6q40000gn/T/.org.chromium.Chromium.1wtQqp}, takesHeapSnapshot=true, pageLoadStrategy=normal, databaseEnabled=false, handlesAlerts=true, hasTouchScreen=false, version=65.0.3325.181, platform=MAC, browserConnectionEnabled=false, nativeEvents=true, acceptSslCerts=true, locationContextEnabled=true, webStorageEnabled=true, browserName=chrome, takesScreenshot=true, javascriptEnabled=true, cssSelectorsEnabled=true, unexpectedAlertBehaviour=}]
Session ID: 47997ad23dfb0f4f2d080d843ad9156a
11:41:34.038 INFO - Executing: [find element: By.cssSelector: parent-node div])
11:41:34.046 INFO - Done: [find element: By.cssSelector: parent-node div]
11:41:34.048 INFO - Executing: [get text: 3 [[ChromeDriver: chrome on MAC (47997ad23dfb0f4f2d080d843ad9156a)] -> css selector: parent-node div]])
11:41:34.056 INFO - Done: [get text: 3 [[ChromeDriver: chrome on MAC (47997ad23dfb0f4f2d080d843ad9156a)] -> css selector: parent-node div]]
11:41:34.059 INFO - Executing: [execute script: 
            window.unit.doIt('third message');
        , []])
11:41:35.604 WARN - Exception thrown
org.openqa.selenium.WebDriverException: unknown error: call function result missing 'value'
  (Session info: headless chrome=65.0.3325.181)
  (Driver info: chromedriver=2.29.461585 (0be2cd95f834e9ee7c46bcc7cf405b483f5ae83b),platform=Mac OS X 10.12.6 x86_64) (WARNING: The server did not provide any stacktrace information)
Command duration or timeout: 6 milliseconds
Build info: version: '2.53.0', revision: '35ae25b', time: '2016-03-15 17:00:58'
System info: host: 'Avichays-MacBook-Pro.local', ip: '10.0.12.215', os.name: 'Mac OS X', os.arch: 'x86_64', os.version: '10.12.6', java.version: '1.8.0_131'
Driver info: org.openqa.selenium.chrome.ChromeDriver
Capabilities [{applicationCacheEnabled=false, rotatable=false, mobileEmulationEnabled=false, networkConnectionEnabled=false, chrome={chromedriverVersion=2.29.461585 (0be2cd95f834e9ee7c46bcc7cf405b483f5ae83b), userDataDir=/var/folders/4m/y5vvsdc516qg8fr74pqft6q40000gn/T/.org.chromium.Chromium.1wtQqp}, takesHeapSnapshot=true, pageLoadStrategy=normal, databaseEnabled=false, handlesAlerts=true, hasTouchScreen=false, version=65.0.3325.181, platform=MAC, browserConnectionEnabled=false, nativeEvents=true, acceptSslCerts=true, locationContextEnabled=true, webStorageEnabled=true, browserName=chrome, takesScreenshot=true, javascriptEnabled=true, cssSelectorsEnabled=true, unexpectedAlertBehaviour=}]
Session ID: 47997ad23dfb0f4f2d080d843ad9156a
	at sun.reflect.NativeConstructorAccessorImpl.newInstance0(Native Method)
	at sun.reflect.NativeConstructorAccessorImpl.newInstance(NativeConstructorAccessorImpl.java:62)
	at sun.reflect.DelegatingConstructorAccessorImpl.newInstance(DelegatingConstructorAccessorImpl.java:45)
	at java.lang.reflect.Constructor.newInstance(Constructor.java:423)
	at org.openqa.selenium.remote.ErrorHandler.createThrowable(ErrorHandler.java:206)
	at org.openqa.selenium.remote.ErrorHandler.throwIfResponseFailed(ErrorHandler.java:158)
	at org.openqa.selenium.remote.RemoteWebDriver.execute(RemoteWebDriver.java:678)
	at org.openqa.selenium.remote.RemoteWebDriver.executeScript(RemoteWebDriver.java:577)
	at sun.reflect.NativeMethodAccessorImpl.invoke0(Native Method)
	at sun.reflect.NativeMethodAccessorImpl.invoke(NativeMethodAccessorImpl.java:62)
	at sun.reflect.DelegatingMethodAccessorImpl.invoke(DelegatingMethodAccessorImpl.java:43)
	at java.lang.reflect.Method.invoke(Method.java:498)
	at org.openqa.selenium.support.events.EventFiringWebDriver$2.invoke(EventFiringWebDriver.java:103)
	at com.sun.proxy.$Proxy1.executeScript(Unknown Source)
	at org.openqa.selenium.support.events.EventFiringWebDriver.executeScript(EventFiringWebDriver.java:217)
	at org.openqa.selenium.remote.server.handler.ExecuteScript.call(ExecuteScript.java:56)
	at java.util.concurrent.FutureTask.run(FutureTask.java:266)
	at org.openqa.selenium.remote.server.DefaultSession$1.run(DefaultSession.java:176)
	at java.util.concurrent.ThreadPoolExecutor.runWorker(ThreadPoolExecutor.java:1142)
	at java.util.concurrent.ThreadPoolExecutor$Worker.run(ThreadPoolExecutor.java:617)
	at java.lang.Thread.run(Thread.java:748)
11:41:35.605 WARN - Exception: unknown error: call function result missing 'value'
  (Session info: headless chrome=65.0.3325.181)
  (Driver info: chromedriver=2.29.461585 (0be2cd95f834e9ee7c46bcc7cf405b483f5ae83b),platform=Mac OS X 10.12.6 x86_64) (WARNING: The server did not provide any stacktrace information)
Command duration or timeout: 6 milliseconds
Build info: version: '2.53.0', revision: '35ae25b', time: '2016-03-15 17:00:58'
System info: host: 'Avichays-MacBook-Pro.local', ip: '10.0.12.215', os.name: 'Mac OS X', os.arch: 'x86_64', os.version: '10.12.6', java.version: '1.8.0_131'
Driver info: org.openqa.selenium.chrome.ChromeDriver
Capabilities [{applicationCacheEnabled=false, rotatable=false, mobileEmulationEnabled=false, networkConnectionEnabled=false, chrome={chromedriverVersion=2.29.461585 (0be2cd95f834e9ee7c46bcc7cf405b483f5ae83b), userDataDir=/var/folders/4m/y5vvsdc516qg8fr74pqft6q40000gn/T/.org.chromium.Chromium.1wtQqp}, takesHeapSnapshot=true, pageLoadStrategy=normal, databaseEnabled=false, handlesAlerts=true, hasTouchScreen=false, version=65.0.3325.181, platform=MAC, browserConnectionEnabled=false, nativeEvents=true, acceptSslCerts=true, locationContextEnabled=true, webStorageEnabled=true, browserName=chrome, takesScreenshot=true, javascriptEnabled=true, cssSelectorsEnabled=true, unexpectedAlertBehaviour=}]
Session ID: 47997ad23dfb0f4f2d080d843ad9156a
11:41:35.740 INFO - Executing: [find element: By.cssSelector: parent-node div])
11:41:35.747 INFO - Done: [find element: By.cssSelector: parent-node div]
11:41:35.749 INFO - Executing: [get text: 3 [[ChromeDriver: chrome on MAC (47997ad23dfb0f4f2d080d843ad9156a)] -> css selector: parent-node div]])
11:41:35.756 INFO - Done: [get text: 3 [[ChromeDriver: chrome on MAC (47997ad23dfb0f4f2d080d843ad9156a)] -> css selector: parent-node div]]
11:41:35.759 INFO - Executing: [delete all cookies])
11:41:35.763 INFO - Done: [delete all cookies]
11:41:35.765 INFO - Executing: [delete session: 0bbc66e2-44bd-4e92-bc08-6d716f4c7f70])
11:41:35.829 INFO - Done: [delete session: 0bbc66e2-44bd-4e92-bc08-6d716f4c7f70]
11:41:35.836 INFO - Executing: [new session: Capabilities [{headless=true, acceptSslCerts=true, name=Find Test, browserName=chrome, javascriptEnabled=true, chromeOptions={args=[--start-maximized, --headless]}, platform=ANY}]])
11:41:35.836 INFO - Creating a new session for Capabilities [{headless=true, acceptSslCerts=true, name=Find Test, browserName=chrome, javascriptEnabled=true, chromeOptions={args=[--start-maximized, --headless]}, platform=ANY}]
Starting ChromeDriver 2.29.461585 (0be2cd95f834e9ee7c46bcc7cf405b483f5ae83b) on port 12701
Only local connections are allowed.
11:41:36.170 INFO - Done: [new session: Capabilities [{headless=true, acceptSslCerts=true, name=Find Test, browserName=chrome, javascriptEnabled=true, chromeOptions={args=[--start-maximized, --headless]}, platform=ANY}]]
11:41:36.178 INFO - Executing: [delete all cookies])
11:41:36.200 INFO - Done: [delete all cookies]
11:41:36.206 INFO - Executing: [get: http://localhost:8000/tests/find.test.html])
11:41:36.523 INFO - Done: [get: http://localhost:8000/tests/find.test.html]
11:41:36.526 INFO - Executing: [find elements: By.cssSelector: body])
11:41:36.552 INFO - Done: [find elements: By.cssSelector: body]
11:41:36.555 INFO - Executing: [find elements: By.cssSelector: test-find])
11:41:36.573 INFO - Done: [find elements: By.cssSelector: test-find]
11:41:36.579 INFO - Executing: [find elements: By.cssSelector: test-find::shadow #output])
11:41:36.595 INFO - Done: [find elements: By.cssSelector: test-find::shadow #output]
11:41:36.605 INFO - Executing: [execute script: var passedArgs = Array.prototype.slice.call(arguments,0); return function (selector, value) {
            document.querySelector(selector).value = value;
        }.apply(window, passedArgs);, [test-find::shadow #inp, after]])
11:41:37.772 WARN - Exception thrown
org.openqa.selenium.WebDriverException: unknown error: call function result missing 'value'
  (Session info: headless chrome=65.0.3325.181)
  (Driver info: chromedriver=2.29.461585 (0be2cd95f834e9ee7c46bcc7cf405b483f5ae83b),platform=Mac OS X 10.12.6 x86_64) (WARNING: The server did not provide any stacktrace information)
Command duration or timeout: 14 milliseconds
Build info: version: '2.53.0', revision: '35ae25b', time: '2016-03-15 17:00:58'
System info: host: 'Avichays-MacBook-Pro.local', ip: '10.0.12.215', os.name: 'Mac OS X', os.arch: 'x86_64', os.version: '10.12.6', java.version: '1.8.0_131'
Driver info: org.openqa.selenium.chrome.ChromeDriver
Capabilities [{applicationCacheEnabled=false, rotatable=false, mobileEmulationEnabled=false, networkConnectionEnabled=false, chrome={chromedriverVersion=2.29.461585 (0be2cd95f834e9ee7c46bcc7cf405b483f5ae83b), userDataDir=/var/folders/4m/y5vvsdc516qg8fr74pqft6q40000gn/T/.org.chromium.Chromium.pyFC3K}, takesHeapSnapshot=true, pageLoadStrategy=normal, databaseEnabled=false, handlesAlerts=true, hasTouchScreen=false, version=65.0.3325.181, platform=MAC, browserConnectionEnabled=false, nativeEvents=true, acceptSslCerts=true, locationContextEnabled=true, webStorageEnabled=true, browserName=chrome, takesScreenshot=true, javascriptEnabled=true, cssSelectorsEnabled=true, unexpectedAlertBehaviour=}]
Session ID: 4b7f3006d8f5b76ae22c2aa3feb182ef
	at sun.reflect.NativeConstructorAccessorImpl.newInstance0(Native Method)
	at sun.reflect.NativeConstructorAccessorImpl.newInstance(NativeConstructorAccessorImpl.java:62)
	at sun.reflect.DelegatingConstructorAccessorImpl.newInstance(DelegatingConstructorAccessorImpl.java:45)
	at java.lang.reflect.Constructor.newInstance(Constructor.java:423)
	at org.openqa.selenium.remote.ErrorHandler.createThrowable(ErrorHandler.java:206)
	at org.openqa.selenium.remote.ErrorHandler.throwIfResponseFailed(ErrorHandler.java:158)
	at org.openqa.selenium.remote.RemoteWebDriver.execute(RemoteWebDriver.java:678)
	at org.openqa.selenium.remote.RemoteWebDriver.executeScript(RemoteWebDriver.java:577)
	at sun.reflect.NativeMethodAccessorImpl.invoke0(Native Method)
	at sun.reflect.NativeMethodAccessorImpl.invoke(NativeMethodAccessorImpl.java:62)
	at sun.reflect.DelegatingMethodAccessorImpl.invoke(DelegatingMethodAccessorImpl.java:43)
	at java.lang.reflect.Method.invoke(Method.java:498)
	at org.openqa.selenium.support.events.EventFiringWebDriver$2.invoke(EventFiringWebDriver.java:103)
	at com.sun.proxy.$Proxy1.executeScript(Unknown Source)
	at org.openqa.selenium.support.events.EventFiringWebDriver.executeScript(EventFiringWebDriver.java:217)
	at org.openqa.selenium.remote.server.handler.ExecuteScript.call(ExecuteScript.java:54)
	at java.util.concurrent.FutureTask.run(FutureTask.java:266)
	at org.openqa.selenium.remote.server.DefaultSession$1.run(DefaultSession.java:176)
	at java.util.concurrent.ThreadPoolExecutor.runWorker(ThreadPoolExecutor.java:1142)
	at java.util.concurrent.ThreadPoolExecutor$Worker.run(ThreadPoolExecutor.java:617)
	at java.lang.Thread.run(Thread.java:748)
11:41:37.773 WARN - Exception: unknown error: call function result missing 'value'
  (Session info: headless chrome=65.0.3325.181)
  (Driver info: chromedriver=2.29.461585 (0be2cd95f834e9ee7c46bcc7cf405b483f5ae83b),platform=Mac OS X 10.12.6 x86_64) (WARNING: The server did not provide any stacktrace information)
Command duration or timeout: 14 milliseconds
Build info: version: '2.53.0', revision: '35ae25b', time: '2016-03-15 17:00:58'
System info: host: 'Avichays-MacBook-Pro.local', ip: '10.0.12.215', os.name: 'Mac OS X', os.arch: 'x86_64', os.version: '10.12.6', java.version: '1.8.0_131'
Driver info: org.openqa.selenium.chrome.ChromeDriver
Capabilities [{applicationCacheEnabled=false, rotatable=false, mobileEmulationEnabled=false, networkConnectionEnabled=false, chrome={chromedriverVersion=2.29.461585 (0be2cd95f834e9ee7c46bcc7cf405b483f5ae83b), userDataDir=/var/folders/4m/y5vvsdc516qg8fr74pqft6q40000gn/T/.org.chromium.Chromium.pyFC3K}, takesHeapSnapshot=true, pageLoadStrategy=normal, databaseEnabled=false, handlesAlerts=true, hasTouchScreen=false, version=65.0.3325.181, platform=MAC, browserConnectionEnabled=false, nativeEvents=true, acceptSslCerts=true, locationContextEnabled=true, webStorageEnabled=true, browserName=chrome, takesScreenshot=true, javascriptEnabled=true, cssSelectorsEnabled=true, unexpectedAlertBehaviour=}]
Session ID: 4b7f3006d8f5b76ae22c2aa3feb182ef
11:41:37.904 INFO - Executing: [find element: By.cssSelector: test-find::shadow #btn])
11:41:37.916 INFO - Done: [find element: By.cssSelector: test-find::shadow #btn]
11:41:37.918 INFO - Executing: [click: 3 [[ChromeDriver: chrome on MAC (4b7f3006d8f5b76ae22c2aa3feb182ef)] -> css selector: test-find::shadow #btn]])
11:41:37.952 INFO - Done: [click: 3 [[ChromeDriver: chrome on MAC (4b7f3006d8f5b76ae22c2aa3feb182ef)] -> css selector: test-find::shadow #btn]]
11:41:37.954 INFO - Executing: [find elements: By.cssSelector: test-find::shadow #output])
11:41:37.961 INFO - Done: [find elements: By.cssSelector: test-find::shadow #output]
11:41:37.964 INFO - Executing: [find element: By.cssSelector: test-find::shadow #output])
11:41:37.977 INFO - Done: [find element: By.cssSelector: test-find::shadow #output]
11:41:37.979 INFO - Executing: [get text: 2 [[ChromeDriver: chrome on MAC (4b7f3006d8f5b76ae22c2aa3feb182ef)] -> css selector: test-find::shadow #output]])
11:41:37.992 INFO - Done: [get text: 2 [[ChromeDriver: chrome on MAC (4b7f3006d8f5b76ae22c2aa3feb182ef)] -> css selector: test-find::shadow #output]]
11:41:37.994 INFO - Executing: [delete all cookies])
11:41:37.997 INFO - Done: [delete all cookies]
11:41:37.999 INFO - Executing: [delete session: d027b1db-95e4-46de-b8fa-cf4f76c94bc6])
11:41:38.065 INFO - Done: [delete session: d027b1db-95e4-46de-b8fa-cf4f76c94bc6]
11:41:38.071 INFO - Executing: [new session: Capabilities [{headless=true, acceptSslCerts=true, name=If Test, browserName=chrome, javascriptEnabled=true, chromeOptions={args=[--start-maximized, --headless]}, platform=ANY}]])
11:41:38.072 INFO - Creating a new session for Capabilities [{headless=true, acceptSslCerts=true, name=If Test, browserName=chrome, javascriptEnabled=true, chromeOptions={args=[--start-maximized, --headless]}, platform=ANY}]
Starting ChromeDriver 2.29.461585 (0be2cd95f834e9ee7c46bcc7cf405b483f5ae83b) on port 1953
Only local connections are allowed.
11:41:38.463 INFO - Done: [new session: Capabilities [{headless=true, acceptSslCerts=true, name=If Test, browserName=chrome, javascriptEnabled=true, chromeOptions={args=[--start-maximized, --headless]}, platform=ANY}]]
11:41:38.472 INFO - Executing: [delete all cookies])
11:41:38.490 INFO - Done: [delete all cookies]
11:41:38.492 INFO - Executing: [get: http://localhost:8000/tests/if.test.html])
11:41:38.804 INFO - Done: [get: http://localhost:8000/tests/if.test.html]
11:41:38.809 INFO - Executing: [find elements: By.cssSelector: #slimIfTest])
11:41:38.824 INFO - Done: [find elements: By.cssSelector: #slimIfTest]
11:41:38.827 INFO - Executing: [find elements: By.cssSelector: #monitor])
11:41:38.840 INFO - Done: [find elements: By.cssSelector: #monitor]
11:41:38.842 INFO - Executing: [find elements: By.cssSelector: #monitor])
11:41:38.851 INFO - Done: [find elements: By.cssSelector: #monitor]
11:41:38.853 INFO - Executing: [get text: 1 [[ChromeDriver: chrome on MAC (fea426d21d85073602fa5c8bac7f4d8d)] -> css selector: #monitor]])
11:41:38.871 INFO - Done: [get text: 1 [[ChromeDriver: chrome on MAC (fea426d21d85073602fa5c8bac7f4d8d)] -> css selector: #monitor]]
11:41:38.873 INFO - Executing: [execute script: 
            window.unit.toggle = false;
        , []])
11:41:39.994 WARN - Exception thrown
org.openqa.selenium.WebDriverException: unknown error: call function result missing 'value'
  (Session info: headless chrome=65.0.3325.181)
  (Driver info: chromedriver=2.29.461585 (0be2cd95f834e9ee7c46bcc7cf405b483f5ae83b),platform=Mac OS X 10.12.6 x86_64) (WARNING: The server did not provide any stacktrace information)
Command duration or timeout: 6 milliseconds
Build info: version: '2.53.0', revision: '35ae25b', time: '2016-03-15 17:00:58'
System info: host: 'Avichays-MacBook-Pro.local', ip: '10.0.12.215', os.name: 'Mac OS X', os.arch: 'x86_64', os.version: '10.12.6', java.version: '1.8.0_131'
Driver info: org.openqa.selenium.chrome.ChromeDriver
Capabilities [{applicationCacheEnabled=false, rotatable=false, mobileEmulationEnabled=false, networkConnectionEnabled=false, chrome={chromedriverVersion=2.29.461585 (0be2cd95f834e9ee7c46bcc7cf405b483f5ae83b), userDataDir=/var/folders/4m/y5vvsdc516qg8fr74pqft6q40000gn/T/.org.chromium.Chromium.h3W0e0}, takesHeapSnapshot=true, pageLoadStrategy=normal, databaseEnabled=false, handlesAlerts=true, hasTouchScreen=false, version=65.0.3325.181, platform=MAC, browserConnectionEnabled=false, nativeEvents=true, acceptSslCerts=true, locationContextEnabled=true, webStorageEnabled=true, browserName=chrome, takesScreenshot=true, javascriptEnabled=true, cssSelectorsEnabled=true, unexpectedAlertBehaviour=}]
Session ID: fea426d21d85073602fa5c8bac7f4d8d
	at sun.reflect.NativeConstructorAccessorImpl.newInstance0(Native Method)
	at sun.reflect.NativeConstructorAccessorImpl.newInstance(NativeConstructorAccessorImpl.java:62)
	at sun.reflect.DelegatingConstructorAccessorImpl.newInstance(DelegatingConstructorAccessorImpl.java:45)
	at java.lang.reflect.Constructor.newInstance(Constructor.java:423)
	at org.openqa.selenium.remote.ErrorHandler.createThrowable(ErrorHandler.java:206)
	at org.openqa.selenium.remote.ErrorHandler.throwIfResponseFailed(ErrorHandler.java:158)
	at org.openqa.selenium.remote.RemoteWebDriver.execute(RemoteWebDriver.java:678)
	at org.openqa.selenium.remote.RemoteWebDriver.executeScript(RemoteWebDriver.java:577)
	at sun.reflect.NativeMethodAccessorImpl.invoke0(Native Method)
	at sun.reflect.NativeMethodAccessorImpl.invoke(NativeMethodAccessorImpl.java:62)
	at sun.reflect.DelegatingMethodAccessorImpl.invoke(DelegatingMethodAccessorImpl.java:43)
	at java.lang.reflect.Method.invoke(Method.java:498)
	at org.openqa.selenium.support.events.EventFiringWebDriver$2.invoke(EventFiringWebDriver.java:103)
	at com.sun.proxy.$Proxy1.executeScript(Unknown Source)
	at org.openqa.selenium.support.events.EventFiringWebDriver.executeScript(EventFiringWebDriver.java:217)
	at org.openqa.selenium.remote.server.handler.ExecuteScript.call(ExecuteScript.java:56)
	at java.util.concurrent.FutureTask.run(FutureTask.java:266)
	at org.openqa.selenium.remote.server.DefaultSession$1.run(DefaultSession.java:176)
	at java.util.concurrent.ThreadPoolExecutor.runWorker(ThreadPoolExecutor.java:1142)
	at java.util.concurrent.ThreadPoolExecutor$Worker.run(ThreadPoolExecutor.java:617)
	at java.lang.Thread.run(Thread.java:748)
11:41:39.995 WARN - Exception: unknown error: call function result missing 'value'
  (Session info: headless chrome=65.0.3325.181)
  (Driver info: chromedriver=2.29.461585 (0be2cd95f834e9ee7c46bcc7cf405b483f5ae83b),platform=Mac OS X 10.12.6 x86_64) (WARNING: The server did not provide any stacktrace information)
Command duration or timeout: 6 milliseconds
Build info: version: '2.53.0', revision: '35ae25b', time: '2016-03-15 17:00:58'
System info: host: 'Avichays-MacBook-Pro.local', ip: '10.0.12.215', os.name: 'Mac OS X', os.arch: 'x86_64', os.version: '10.12.6', java.version: '1.8.0_131'
Driver info: org.openqa.selenium.chrome.ChromeDriver
Capabilities [{applicationCacheEnabled=false, rotatable=false, mobileEmulationEnabled=false, networkConnectionEnabled=false, chrome={chromedriverVersion=2.29.461585 (0be2cd95f834e9ee7c46bcc7cf405b483f5ae83b), userDataDir=/var/folders/4m/y5vvsdc516qg8fr74pqft6q40000gn/T/.org.chromium.Chromium.h3W0e0}, takesHeapSnapshot=true, pageLoadStrategy=normal, databaseEnabled=false, handlesAlerts=true, hasTouchScreen=false, version=65.0.3325.181, platform=MAC, browserConnectionEnabled=false, nativeEvents=true, acceptSslCerts=true, locationContextEnabled=true, webStorageEnabled=true, browserName=chrome, takesScreenshot=true, javascriptEnabled=true, cssSelectorsEnabled=true, unexpectedAlertBehaviour=}]
Session ID: fea426d21d85073602fa5c8bac7f4d8d
11:41:40.128 INFO - Executing: [find elements: By.cssSelector: #slimIfTest])
11:41:40.136 INFO - Done: [find elements: By.cssSelector: #slimIfTest]
11:41:40.138 INFO - Executing: [find elements: By.cssSelector: #monitor])
11:41:40.147 INFO - Done: [find elements: By.cssSelector: #monitor]
11:41:40.149 INFO - Executing: [get text: 1 [[ChromeDriver: chrome on MAC (fea426d21d85073602fa5c8bac7f4d8d)] -> css selector: #monitor]])
11:41:40.156 INFO - Done: [get text: 1 [[ChromeDriver: chrome on MAC (fea426d21d85073602fa5c8bac7f4d8d)] -> css selector: #monitor]]
11:41:40.158 INFO - Executing: [find elements: By.cssSelector: test-child])
11:41:40.170 INFO - Done: [find elements: By.cssSelector: test-child]
11:41:40.172 INFO - Executing: [execute script: 
            window.unit.toggle = true;
        , []])
11:41:41.551 WARN - Exception thrown
org.openqa.selenium.WebDriverException: unknown error: call function result missing 'value'
  (Session info: headless chrome=65.0.3325.181)
  (Driver info: chromedriver=2.29.461585 (0be2cd95f834e9ee7c46bcc7cf405b483f5ae83b),platform=Mac OS X 10.12.6 x86_64) (WARNING: The server did not provide any stacktrace information)
Command duration or timeout: 5 milliseconds
Build info: version: '2.53.0', revision: '35ae25b', time: '2016-03-15 17:00:58'
System info: host: 'Avichays-MacBook-Pro.local', ip: '10.0.12.215', os.name: 'Mac OS X', os.arch: 'x86_64', os.version: '10.12.6', java.version: '1.8.0_131'
Driver info: org.openqa.selenium.chrome.ChromeDriver
Capabilities [{applicationCacheEnabled=false, rotatable=false, mobileEmulationEnabled=false, networkConnectionEnabled=false, chrome={chromedriverVersion=2.29.461585 (0be2cd95f834e9ee7c46bcc7cf405b483f5ae83b), userDataDir=/var/folders/4m/y5vvsdc516qg8fr74pqft6q40000gn/T/.org.chromium.Chromium.h3W0e0}, takesHeapSnapshot=true, pageLoadStrategy=normal, databaseEnabled=false, handlesAlerts=true, hasTouchScreen=false, version=65.0.3325.181, platform=MAC, browserConnectionEnabled=false, nativeEvents=true, acceptSslCerts=true, locationContextEnabled=true, webStorageEnabled=true, browserName=chrome, takesScreenshot=true, javascriptEnabled=true, cssSelectorsEnabled=true, unexpectedAlertBehaviour=}]
Session ID: fea426d21d85073602fa5c8bac7f4d8d
	at sun.reflect.NativeConstructorAccessorImpl.newInstance0(Native Method)
	at sun.reflect.NativeConstructorAccessorImpl.newInstance(NativeConstructorAccessorImpl.java:62)
	at sun.reflect.DelegatingConstructorAccessorImpl.newInstance(DelegatingConstructorAccessorImpl.java:45)
	at java.lang.reflect.Constructor.newInstance(Constructor.java:423)
	at org.openqa.selenium.remote.ErrorHandler.createThrowable(ErrorHandler.java:206)
	at org.openqa.selenium.remote.ErrorHandler.throwIfResponseFailed(ErrorHandler.java:158)
	at org.openqa.selenium.remote.RemoteWebDriver.execute(RemoteWebDriver.java:678)
	at org.openqa.selenium.remote.RemoteWebDriver.executeScript(RemoteWebDriver.java:577)
	at sun.reflect.NativeMethodAccessorImpl.invoke0(Native Method)
	at sun.reflect.NativeMethodAccessorImpl.invoke(NativeMethodAccessorImpl.java:62)
	at sun.reflect.DelegatingMethodAccessorImpl.invoke(DelegatingMethodAccessorImpl.java:43)
	at java.lang.reflect.Method.invoke(Method.java:498)
	at org.openqa.selenium.support.events.EventFiringWebDriver$2.invoke(EventFiringWebDriver.java:103)
	at com.sun.proxy.$Proxy1.executeScript(Unknown Source)
	at org.openqa.selenium.support.events.EventFiringWebDriver.executeScript(EventFiringWebDriver.java:217)
	at org.openqa.selenium.remote.server.handler.ExecuteScript.call(ExecuteScript.java:56)
	at java.util.concurrent.FutureTask.run(FutureTask.java:266)
	at org.openqa.selenium.remote.server.DefaultSession$1.run(DefaultSession.java:176)
	at java.util.concurrent.ThreadPoolExecutor.runWorker(ThreadPoolExecutor.java:1142)
	at java.util.concurrent.ThreadPoolExecutor$Worker.run(ThreadPoolExecutor.java:617)
	at java.lang.Thread.run(Thread.java:748)
11:41:41.551 WARN - Exception: unknown error: call function result missing 'value'
  (Session info: headless chrome=65.0.3325.181)
  (Driver info: chromedriver=2.29.461585 (0be2cd95f834e9ee7c46bcc7cf405b483f5ae83b),platform=Mac OS X 10.12.6 x86_64) (WARNING: The server did not provide any stacktrace information)
Command duration or timeout: 5 milliseconds
Build info: version: '2.53.0', revision: '35ae25b', time: '2016-03-15 17:00:58'
System info: host: 'Avichays-MacBook-Pro.local', ip: '10.0.12.215', os.name: 'Mac OS X', os.arch: 'x86_64', os.version: '10.12.6', java.version: '1.8.0_131'
Driver info: org.openqa.selenium.chrome.ChromeDriver
Capabilities [{applicationCacheEnabled=false, rotatable=false, mobileEmulationEnabled=false, networkConnectionEnabled=false, chrome={chromedriverVersion=2.29.461585 (0be2cd95f834e9ee7c46bcc7cf405b483f5ae83b), userDataDir=/var/folders/4m/y5vvsdc516qg8fr74pqft6q40000gn/T/.org.chromium.Chromium.h3W0e0}, takesHeapSnapshot=true, pageLoadStrategy=normal, databaseEnabled=false, handlesAlerts=true, hasTouchScreen=false, version=65.0.3325.181, platform=MAC, browserConnectionEnabled=false, nativeEvents=true, acceptSslCerts=true, locationContextEnabled=true, webStorageEnabled=true, browserName=chrome, takesScreenshot=true, javascriptEnabled=true, cssSelectorsEnabled=true, unexpectedAlertBehaviour=}]
Session ID: fea426d21d85073602fa5c8bac7f4d8d
11:41:41.678 INFO - Executing: [find elements: By.cssSelector: #slimIfTest])
11:41:41.685 INFO - Done: [find elements: By.cssSelector: #slimIfTest]
11:41:41.688 INFO - Executing: [find elements: By.cssSelector: test-child])
11:41:41.694 INFO - Done: [find elements: By.cssSelector: test-child]
11:41:41.697 INFO - Executing: [delete all cookies])
11:41:41.701 INFO - Done: [delete all cookies]
11:41:41.703 INFO - Executing: [delete session: f3744a30-29d5-4912-906b-de53b3890e67])
11:41:41.770 INFO - Done: [delete session: f3744a30-29d5-4912-906b-de53b3890e67]
11:41:41.776 INFO - Executing: [new session: Capabilities [{headless=true, acceptSslCerts=true, name=Lifecycle Test, browserName=chrome, javascriptEnabled=true, chromeOptions={args=[--start-maximized, --headless]}, platform=ANY}]])
11:41:41.777 INFO - Creating a new session for Capabilities [{headless=true, acceptSslCerts=true, name=Lifecycle Test, browserName=chrome, javascriptEnabled=true, chromeOptions={args=[--start-maximized, --headless]}, platform=ANY}]
Starting ChromeDriver 2.29.461585 (0be2cd95f834e9ee7c46bcc7cf405b483f5ae83b) on port 44460
Only local connections are allowed.
11:41:42.121 INFO - Done: [new session: Capabilities [{headless=true, acceptSslCerts=true, name=Lifecycle Test, browserName=chrome, javascriptEnabled=true, chromeOptions={args=[--start-maximized, --headless]}, platform=ANY}]]
11:41:42.125 INFO - Executing: [delete all cookies])
11:41:42.170 INFO - Done: [delete all cookies]
11:41:42.177 INFO - Executing: [get: http://localhost:8000/tests/lifecycle.test.html])
11:41:42.484 INFO - Done: [get: http://localhost:8000/tests/lifecycle.test.html]
11:41:42.490 INFO - Executing: [delete all cookies])
11:41:42.497 INFO - Done: [delete all cookies]
11:41:42.506 INFO - Executing: [delete session: 1d408772-689f-42d3-9daf-b3dcdc7a2771])
11:41:42.577 INFO - Done: [delete session: 1d408772-689f-42d3-9daf-b3dcdc7a2771]
11:41:42.587 INFO - Executing: [new session: Capabilities [{headless=true, acceptSslCerts=true, name=Repeater Test, browserName=chrome, javascriptEnabled=true, chromeOptions={args=[--start-maximized, --headless]}, platform=ANY}]])
11:41:42.588 INFO - Creating a new session for Capabilities [{headless=true, acceptSslCerts=true, name=Repeater Test, browserName=chrome, javascriptEnabled=true, chromeOptions={args=[--start-maximized, --headless]}, platform=ANY}]
Starting ChromeDriver 2.29.461585 (0be2cd95f834e9ee7c46bcc7cf405b483f5ae83b) on port 13583
Only local connections are allowed.
11:41:42.830 INFO - Done: [new session: Capabilities [{headless=true, acceptSslCerts=true, name=Repeater Test, browserName=chrome, javascriptEnabled=true, chromeOptions={args=[--start-maximized, --headless]}, platform=ANY}]]
11:41:42.833 INFO - Executing: [delete all cookies])
11:41:42.843 INFO - Done: [delete all cookies]
11:41:42.846 INFO - Executing: [get: http://localhost:8000/tests/repeater.test.html])
11:41:44.053 INFO - Done: [get: http://localhost:8000/tests/repeater.test.html]
11:41:44.058 INFO - Executing: [find elements: By.cssSelector: body])
11:41:44.077 INFO - Done: [find elements: By.cssSelector: body]
11:41:44.080 INFO - Executing: [find elements: By.cssSelector: repeater-test])
11:41:44.096 INFO - Done: [find elements: By.cssSelector: repeater-test]
11:41:44.098 INFO - Executing: [find elements: By.cssSelector: select])
11:41:44.113 INFO - Done: [find elements: By.cssSelector: select]
11:41:44.115 INFO - Executing: [find elements: By.cssSelector: option[value="text 0"]])
11:41:44.129 INFO - Done: [find elements: By.cssSelector: option[value="text 0"]]
11:41:44.132 INFO - Executing: [find elements: By.cssSelector: option[value="text 1"]])
11:41:44.145 INFO - Done: [find elements: By.cssSelector: option[value="text 1"]]
11:41:44.147 INFO - Executing: [find elements: By.cssSelector: option[value="text 2"]])
11:41:44.158 INFO - Done: [find elements: By.cssSelector: option[value="text 2"]]
11:41:44.160 INFO - Executing: [find element: By.cssSelector: h2])
11:41:44.173 INFO - Done: [find element: By.cssSelector: h2]
11:41:44.174 INFO - Executing: [get text: 6 [[ChromeDriver: chrome on MAC (16481ee2ac14aa590d61c7cc4a54906d)] -> css selector: h2]])
11:41:44.187 INFO - Done: [get text: 6 [[ChromeDriver: chrome on MAC (16481ee2ac14aa590d61c7cc4a54906d)] -> css selector: h2]]
11:41:44.189 INFO - Executing: [find element: By.cssSelector: select])
11:41:44.202 INFO - Done: [find element: By.cssSelector: select]
11:41:44.203 INFO - Executing: [click: 2 [[ChromeDriver: chrome on MAC (16481ee2ac14aa590d61c7cc4a54906d)] -> css selector: select]])
11:41:44.243 INFO - Done: [click: 2 [[ChromeDriver: chrome on MAC (16481ee2ac14aa590d61c7cc4a54906d)] -> css selector: select]]
11:41:44.245 INFO - Executing: [find element: By.cssSelector: option[value="text 2"]])
11:41:44.258 INFO - Done: [find element: By.cssSelector: option[value="text 2"]]
11:41:44.260 INFO - Executing: [click: 5 [[ChromeDriver: chrome on MAC (16481ee2ac14aa590d61c7cc4a54906d)] -> css selector: option[value="text 2"]]])
11:41:45.489 WARN - Exception thrown
org.openqa.selenium.WebDriverException: unknown error: call function result missing 'value'
  (Session info: headless chrome=65.0.3325.181)
  (Driver info: chromedriver=2.29.461585 (0be2cd95f834e9ee7c46bcc7cf405b483f5ae83b),platform=Mac OS X 10.12.6 x86_64) (WARNING: The server did not provide any stacktrace information)
Command duration or timeout: 23 milliseconds
Build info: version: '2.53.0', revision: '35ae25b', time: '2016-03-15 17:00:58'
System info: host: 'Avichays-MacBook-Pro.local', ip: '10.0.12.215', os.name: 'Mac OS X', os.arch: 'x86_64', os.version: '10.12.6', java.version: '1.8.0_131'
Driver info: org.openqa.selenium.chrome.ChromeDriver
Capabilities [{applicationCacheEnabled=false, rotatable=false, mobileEmulationEnabled=false, networkConnectionEnabled=false, chrome={chromedriverVersion=2.29.461585 (0be2cd95f834e9ee7c46bcc7cf405b483f5ae83b), userDataDir=/var/folders/4m/y5vvsdc516qg8fr74pqft6q40000gn/T/.org.chromium.Chromium.zDv9kI}, takesHeapSnapshot=true, pageLoadStrategy=normal, databaseEnabled=false, handlesAlerts=true, hasTouchScreen=false, version=65.0.3325.181, platform=MAC, browserConnectionEnabled=false, nativeEvents=true, acceptSslCerts=true, locationContextEnabled=true, webStorageEnabled=true, browserName=chrome, takesScreenshot=true, javascriptEnabled=true, cssSelectorsEnabled=true, unexpectedAlertBehaviour=}]
Session ID: 16481ee2ac14aa590d61c7cc4a54906d
	at sun.reflect.NativeConstructorAccessorImpl.newInstance0(Native Method)
	at sun.reflect.NativeConstructorAccessorImpl.newInstance(NativeConstructorAccessorImpl.java:62)
	at sun.reflect.DelegatingConstructorAccessorImpl.newInstance(DelegatingConstructorAccessorImpl.java:45)
	at java.lang.reflect.Constructor.newInstance(Constructor.java:423)
	at org.openqa.selenium.remote.ErrorHandler.createThrowable(ErrorHandler.java:206)
	at org.openqa.selenium.remote.ErrorHandler.throwIfResponseFailed(ErrorHandler.java:158)
	at org.openqa.selenium.remote.RemoteWebDriver.execute(RemoteWebDriver.java:678)
	at org.openqa.selenium.remote.RemoteWebElement.execute(RemoteWebElement.java:327)
	at org.openqa.selenium.remote.RemoteWebElement.click(RemoteWebElement.java:85)
	at sun.reflect.NativeMethodAccessorImpl.invoke0(Native Method)
	at sun.reflect.NativeMethodAccessorImpl.invoke(NativeMethodAccessorImpl.java:62)
	at sun.reflect.DelegatingMethodAccessorImpl.invoke(DelegatingMethodAccessorImpl.java:43)
	at java.lang.reflect.Method.invoke(Method.java:498)
	at org.openqa.selenium.support.events.EventFiringWebDriver$EventFiringWebElement$1.invoke(EventFiringWebDriver.java:335)
	at com.sun.proxy.$Proxy2.click(Unknown Source)
	at org.openqa.selenium.support.events.EventFiringWebDriver$EventFiringWebElement.click(EventFiringWebDriver.java:348)
	at sun.reflect.NativeMethodAccessorImpl.invoke0(Native Method)
	at sun.reflect.NativeMethodAccessorImpl.invoke(NativeMethodAccessorImpl.java:62)
	at sun.reflect.DelegatingMethodAccessorImpl.invoke(DelegatingMethodAccessorImpl.java:43)
	at java.lang.reflect.Method.invoke(Method.java:498)
	at org.openqa.selenium.remote.server.KnownElements$1.invoke(KnownElements.java:64)
	at com.sun.proxy.$Proxy3.click(Unknown Source)
	at org.openqa.selenium.remote.server.handler.ClickElement.call(ClickElement.java:30)
	at org.openqa.selenium.remote.server.handler.ClickElement.call(ClickElement.java:1)
	at java.util.concurrent.FutureTask.run(FutureTask.java:266)
	at org.openqa.selenium.remote.server.DefaultSession$1.run(DefaultSession.java:176)
	at java.util.concurrent.ThreadPoolExecutor.runWorker(ThreadPoolExecutor.java:1142)
	at java.util.concurrent.ThreadPoolExecutor$Worker.run(ThreadPoolExecutor.java:617)
	at java.lang.Thread.run(Thread.java:748)
11:41:45.490 WARN - Exception: unknown error: call function result missing 'value'
  (Session info: headless chrome=65.0.3325.181)
  (Driver info: chromedriver=2.29.461585 (0be2cd95f834e9ee7c46bcc7cf405b483f5ae83b),platform=Mac OS X 10.12.6 x86_64) (WARNING: The server did not provide any stacktrace information)
Command duration or timeout: 23 milliseconds
Build info: version: '2.53.0', revision: '35ae25b', time: '2016-03-15 17:00:58'
System info: host: 'Avichays-MacBook-Pro.local', ip: '10.0.12.215', os.name: 'Mac OS X', os.arch: 'x86_64', os.version: '10.12.6', java.version: '1.8.0_131'
Driver info: org.openqa.selenium.chrome.ChromeDriver
Capabilities [{applicationCacheEnabled=false, rotatable=false, mobileEmulationEnabled=false, networkConnectionEnabled=false, chrome={chromedriverVersion=2.29.461585 (0be2cd95f834e9ee7c46bcc7cf405b483f5ae83b), userDataDir=/var/folders/4m/y5vvsdc516qg8fr74pqft6q40000gn/T/.org.chromium.Chromium.zDv9kI}, takesHeapSnapshot=true, pageLoadStrategy=normal, databaseEnabled=false, handlesAlerts=true, hasTouchScreen=false, version=65.0.3325.181, platform=MAC, browserConnectionEnabled=false, nativeEvents=true, acceptSslCerts=true, locationContextEnabled=true, webStorageEnabled=true, browserName=chrome, takesScreenshot=true, javascriptEnabled=true, cssSelectorsEnabled=true, unexpectedAlertBehaviour=}]
Session ID: 16481ee2ac14aa590d61c7cc4a54906d
11:41:45.649 INFO - Executing: [find element: By.cssSelector: h2])
11:41:45.656 INFO - Done: [find element: By.cssSelector: h2]
11:41:45.658 INFO - Executing: [get text: 6 [[ChromeDriver: chrome on MAC (16481ee2ac14aa590d61c7cc4a54906d)] -> css selector: h2]])
11:41:45.666 INFO - Done: [get text: 6 [[ChromeDriver: chrome on MAC (16481ee2ac14aa590d61c7cc4a54906d)] -> css selector: h2]]
11:41:45.669 INFO - Executing: [find elements: By.cssSelector: ul])
11:41:45.681 INFO - Done: [find elements: By.cssSelector: ul]
11:41:45.683 INFO - Executing: [find element: By.cssSelector: li[iteration="0"]])
11:41:45.696 INFO - Done: [find element: By.cssSelector: li[iteration="0"]]
11:41:45.698 INFO - Executing: [get text: 16 [[ChromeDriver: chrome on MAC (16481ee2ac14aa590d61c7cc4a54906d)] -> css selector: li[iteration="0"]]])
11:41:45.711 INFO - Done: [get text: 16 [[ChromeDriver: chrome on MAC (16481ee2ac14aa590d61c7cc4a54906d)] -> css selector: li[iteration="0"]]]
11:41:45.714 INFO - Executing: [find element: By.cssSelector: li[iteration="1"]])
11:41:45.725 INFO - Done: [find element: By.cssSelector: li[iteration="1"]]
11:41:45.726 INFO - Executing: [get text: 17 [[ChromeDriver: chrome on MAC (16481ee2ac14aa590d61c7cc4a54906d)] -> css selector: li[iteration="1"]]])
11:41:45.740 INFO - Done: [get text: 17 [[ChromeDriver: chrome on MAC (16481ee2ac14aa590d61c7cc4a54906d)] -> css selector: li[iteration="1"]]]
11:41:45.742 INFO - Executing: [find element: By.cssSelector: li[iteration="2"]])
11:41:45.753 INFO - Done: [find element: By.cssSelector: li[iteration="2"]]
11:41:45.754 INFO - Executing: [get text: 18 [[ChromeDriver: chrome on MAC (16481ee2ac14aa590d61c7cc4a54906d)] -> css selector: li[iteration="2"]]])
11:41:45.768 INFO - Done: [get text: 18 [[ChromeDriver: chrome on MAC (16481ee2ac14aa590d61c7cc4a54906d)] -> css selector: li[iteration="2"]]]
11:41:45.770 INFO - Executing: [find element: By.cssSelector: repeater-child span[prop="item 0"]])
11:41:45.781 INFO - Done: [find element: By.cssSelector: repeater-child span[prop="item 0"]]
11:41:45.783 INFO - Executing: [get text: 19 [[ChromeDriver: chrome on MAC (16481ee2ac14aa590d61c7cc4a54906d)] -> css selector: repeater-child span[prop="item 0"]]])
11:41:45.797 INFO - Done: [get text: 19 [[ChromeDriver: chrome on MAC (16481ee2ac14aa590d61c7cc4a54906d)] -> css selector: repeater-child span[prop="item 0"]]]
11:41:45.800 INFO - Executing: [find element: By.cssSelector: repeater-child span[prop="item 1"]])
11:41:45.811 INFO - Done: [find element: By.cssSelector: repeater-child span[prop="item 1"]]
11:41:45.812 INFO - Executing: [get text: 20 [[ChromeDriver: chrome on MAC (16481ee2ac14aa590d61c7cc4a54906d)] -> css selector: repeater-child span[prop="item 1"]]])
11:41:45.825 INFO - Done: [get text: 20 [[ChromeDriver: chrome on MAC (16481ee2ac14aa590d61c7cc4a54906d)] -> css selector: repeater-child span[prop="item 1"]]]
11:41:45.830 INFO - Executing: [find element: By.cssSelector: repeater-child span[prop="item 2"]])
11:41:45.843 INFO - Done: [find element: By.cssSelector: repeater-child span[prop="item 2"]]
11:41:45.845 INFO - Executing: [get text: 21 [[ChromeDriver: chrome on MAC (16481ee2ac14aa590d61c7cc4a54906d)] -> css selector: repeater-child span[prop="item 2"]]])
11:41:45.857 INFO - Done: [get text: 21 [[ChromeDriver: chrome on MAC (16481ee2ac14aa590d61c7cc4a54906d)] -> css selector: repeater-child span[prop="item 2"]]]
11:41:45.860 INFO - Executing: [find elements: By.cssSelector: li[iteration="3"]])
11:41:45.872 INFO - Done: [find elements: By.cssSelector: li[iteration="3"]]
11:41:45.875 INFO - Executing: [find elements: By.cssSelector: repeater-child span[prop="item 3"]])
11:41:45.886 INFO - Done: [find elements: By.cssSelector: repeater-child span[prop="item 3"]]
11:41:45.888 INFO - Executing: [execute script: 
            window.unit.addOne();
            window.unit.items = window.unit.items.concat()
        , []])
11:41:47.247 WARN - Exception thrown
org.openqa.selenium.WebDriverException: unknown error: call function result missing 'value'
  (Session info: headless chrome=65.0.3325.181)
  (Driver info: chromedriver=2.29.461585 (0be2cd95f834e9ee7c46bcc7cf405b483f5ae83b),platform=Mac OS X 10.12.6 x86_64) (WARNING: The server did not provide any stacktrace information)
Command duration or timeout: 17 milliseconds
Build info: version: '2.53.0', revision: '35ae25b', time: '2016-03-15 17:00:58'
System info: host: 'Avichays-MacBook-Pro.local', ip: '10.0.12.215', os.name: 'Mac OS X', os.arch: 'x86_64', os.version: '10.12.6', java.version: '1.8.0_131'
Driver info: org.openqa.selenium.chrome.ChromeDriver
Capabilities [{applicationCacheEnabled=false, rotatable=false, mobileEmulationEnabled=false, networkConnectionEnabled=false, chrome={chromedriverVersion=2.29.461585 (0be2cd95f834e9ee7c46bcc7cf405b483f5ae83b), userDataDir=/var/folders/4m/y5vvsdc516qg8fr74pqft6q40000gn/T/.org.chromium.Chromium.zDv9kI}, takesHeapSnapshot=true, pageLoadStrategy=normal, databaseEnabled=false, handlesAlerts=true, hasTouchScreen=false, version=65.0.3325.181, platform=MAC, browserConnectionEnabled=false, nativeEvents=true, acceptSslCerts=true, locationContextEnabled=true, webStorageEnabled=true, browserName=chrome, takesScreenshot=true, javascriptEnabled=true, cssSelectorsEnabled=true, unexpectedAlertBehaviour=}]
Session ID: 16481ee2ac14aa590d61c7cc4a54906d
	at sun.reflect.NativeConstructorAccessorImpl.newInstance0(Native Method)
	at sun.reflect.NativeConstructorAccessorImpl.newInstance(NativeConstructorAccessorImpl.java:62)
	at sun.reflect.DelegatingConstructorAccessorImpl.newInstance(DelegatingConstructorAccessorImpl.java:45)
	at java.lang.reflect.Constructor.newInstance(Constructor.java:423)
	at org.openqa.selenium.remote.ErrorHandler.createThrowable(ErrorHandler.java:206)
	at org.openqa.selenium.remote.ErrorHandler.throwIfResponseFailed(ErrorHandler.java:158)
	at org.openqa.selenium.remote.RemoteWebDriver.execute(RemoteWebDriver.java:678)
	at org.openqa.selenium.remote.RemoteWebDriver.executeScript(RemoteWebDriver.java:577)
	at sun.reflect.NativeMethodAccessorImpl.invoke0(Native Method)
	at sun.reflect.NativeMethodAccessorImpl.invoke(NativeMethodAccessorImpl.java:62)
	at sun.reflect.DelegatingMethodAccessorImpl.invoke(DelegatingMethodAccessorImpl.java:43)
	at java.lang.reflect.Method.invoke(Method.java:498)
	at org.openqa.selenium.support.events.EventFiringWebDriver$2.invoke(EventFiringWebDriver.java:103)
	at com.sun.proxy.$Proxy1.executeScript(Unknown Source)
	at org.openqa.selenium.support.events.EventFiringWebDriver.executeScript(EventFiringWebDriver.java:217)
	at org.openqa.selenium.remote.server.handler.ExecuteScript.call(ExecuteScript.java:56)
	at java.util.concurrent.FutureTask.run(FutureTask.java:266)
	at org.openqa.selenium.remote.server.DefaultSession$1.run(DefaultSession.java:176)
	at java.util.concurrent.ThreadPoolExecutor.runWorker(ThreadPoolExecutor.java:1142)
	at java.util.concurrent.ThreadPoolExecutor$Worker.run(ThreadPoolExecutor.java:617)
	at java.lang.Thread.run(Thread.java:748)
11:41:47.248 WARN - Exception: unknown error: call function result missing 'value'
  (Session info: headless chrome=65.0.3325.181)
  (Driver info: chromedriver=2.29.461585 (0be2cd95f834e9ee7c46bcc7cf405b483f5ae83b),platform=Mac OS X 10.12.6 x86_64) (WARNING: The server did not provide any stacktrace information)
Command duration or timeout: 17 milliseconds
Build info: version: '2.53.0', revision: '35ae25b', time: '2016-03-15 17:00:58'
System info: host: 'Avichays-MacBook-Pro.local', ip: '10.0.12.215', os.name: 'Mac OS X', os.arch: 'x86_64', os.version: '10.12.6', java.version: '1.8.0_131'
Driver info: org.openqa.selenium.chrome.ChromeDriver
Capabilities [{applicationCacheEnabled=false, rotatable=false, mobileEmulationEnabled=false, networkConnectionEnabled=false, chrome={chromedriverVersion=2.29.461585 (0be2cd95f834e9ee7c46bcc7cf405b483f5ae83b), userDataDir=/var/folders/4m/y5vvsdc516qg8fr74pqft6q40000gn/T/.org.chromium.Chromium.zDv9kI}, takesHeapSnapshot=true, pageLoadStrategy=normal, databaseEnabled=false, handlesAlerts=true, hasTouchScreen=false, version=65.0.3325.181, platform=MAC, browserConnectionEnabled=false, nativeEvents=true, acceptSslCerts=true, locationContextEnabled=true, webStorageEnabled=true, browserName=chrome, takesScreenshot=true, javascriptEnabled=true, cssSelectorsEnabled=true, unexpectedAlertBehaviour=}]
Session ID: 16481ee2ac14aa590d61c7cc4a54906d
11:41:47.365 INFO - Executing: [find element: By.cssSelector: li[iteration="3"]])
11:41:47.378 INFO - Done: [find element: By.cssSelector: li[iteration="3"]]
11:41:47.379 INFO - Executing: [get text: 22 [[ChromeDriver: chrome on MAC (16481ee2ac14aa590d61c7cc4a54906d)] -> css selector: li[iteration="3"]]])
11:41:47.392 INFO - Done: [get text: 22 [[ChromeDriver: chrome on MAC (16481ee2ac14aa590d61c7cc4a54906d)] -> css selector: li[iteration="3"]]]
11:41:47.395 INFO - Executing: [find element: By.cssSelector: repeater-child span[prop="item 3"]])
11:41:47.406 INFO - Done: [find element: By.cssSelector: repeater-child span[prop="item 3"]]
11:41:47.408 INFO - Executing: [get text: 23 [[ChromeDriver: chrome on MAC (16481ee2ac14aa590d61c7cc4a54906d)] -> css selector: repeater-child span[prop="item 3"]]])
11:41:47.420 INFO - Done: [get text: 23 [[ChromeDriver: chrome on MAC (16481ee2ac14aa590d61c7cc4a54906d)] -> css selector: repeater-child span[prop="item 3"]]]
11:41:47.422 INFO - Executing: [execute script: 
            window.unit.items.pop()
            window.unit.items = window.unit.items.concat()
        , []])
11:41:48.830 WARN - Exception thrown
org.openqa.selenium.WebDriverException: unknown error: call function result missing 'value'
  (Session info: headless chrome=65.0.3325.181)
  (Driver info: chromedriver=2.29.461585 (0be2cd95f834e9ee7c46bcc7cf405b483f5ae83b),platform=Mac OS X 10.12.6 x86_64) (WARNING: The server did not provide any stacktrace information)
Command duration or timeout: 11 milliseconds
Build info: version: '2.53.0', revision: '35ae25b', time: '2016-03-15 17:00:58'
System info: host: 'Avichays-MacBook-Pro.local', ip: '10.0.12.215', os.name: 'Mac OS X', os.arch: 'x86_64', os.version: '10.12.6', java.version: '1.8.0_131'
Driver info: org.openqa.selenium.chrome.ChromeDriver
Capabilities [{applicationCacheEnabled=false, rotatable=false, mobileEmulationEnabled=false, networkConnectionEnabled=false, chrome={chromedriverVersion=2.29.461585 (0be2cd95f834e9ee7c46bcc7cf405b483f5ae83b), userDataDir=/var/folders/4m/y5vvsdc516qg8fr74pqft6q40000gn/T/.org.chromium.Chromium.zDv9kI}, takesHeapSnapshot=true, pageLoadStrategy=normal, databaseEnabled=false, handlesAlerts=true, hasTouchScreen=false, version=65.0.3325.181, platform=MAC, browserConnectionEnabled=false, nativeEvents=true, acceptSslCerts=true, locationContextEnabled=true, webStorageEnabled=true, browserName=chrome, takesScreenshot=true, javascriptEnabled=true, cssSelectorsEnabled=true, unexpectedAlertBehaviour=}]
Session ID: 16481ee2ac14aa590d61c7cc4a54906d
	at sun.reflect.NativeConstructorAccessorImpl.newInstance0(Native Method)
	at sun.reflect.NativeConstructorAccessorImpl.newInstance(NativeConstructorAccessorImpl.java:62)
	at sun.reflect.DelegatingConstructorAccessorImpl.newInstance(DelegatingConstructorAccessorImpl.java:45)
	at java.lang.reflect.Constructor.newInstance(Constructor.java:423)
	at org.openqa.selenium.remote.ErrorHandler.createThrowable(ErrorHandler.java:206)
	at org.openqa.selenium.remote.ErrorHandler.throwIfResponseFailed(ErrorHandler.java:158)
	at org.openqa.selenium.remote.RemoteWebDriver.execute(RemoteWebDriver.java:678)
	at org.openqa.selenium.remote.RemoteWebDriver.executeScript(RemoteWebDriver.java:577)
	at sun.reflect.NativeMethodAccessorImpl.invoke0(Native Method)
	at sun.reflect.NativeMethodAccessorImpl.invoke(NativeMethodAccessorImpl.java:62)
	at sun.reflect.DelegatingMethodAccessorImpl.invoke(DelegatingMethodAccessorImpl.java:43)
	at java.lang.reflect.Method.invoke(Method.java:498)
	at org.openqa.selenium.support.events.EventFiringWebDriver$2.invoke(EventFiringWebDriver.java:103)
	at com.sun.proxy.$Proxy1.executeScript(Unknown Source)
	at org.openqa.selenium.support.events.EventFiringWebDriver.executeScript(EventFiringWebDriver.java:217)
	at org.openqa.selenium.remote.server.handler.ExecuteScript.call(ExecuteScript.java:56)
	at java.util.concurrent.FutureTask.run(FutureTask.java:266)
	at org.openqa.selenium.remote.server.DefaultSession$1.run(DefaultSession.java:176)
	at java.util.concurrent.ThreadPoolExecutor.runWorker(ThreadPoolExecutor.java:1142)
	at java.util.concurrent.ThreadPoolExecutor$Worker.run(ThreadPoolExecutor.java:617)
	at java.lang.Thread.run(Thread.java:748)
11:41:48.830 WARN - Exception: unknown error: call function result missing 'value'
  (Session info: headless chrome=65.0.3325.181)
  (Driver info: chromedriver=2.29.461585 (0be2cd95f834e9ee7c46bcc7cf405b483f5ae83b),platform=Mac OS X 10.12.6 x86_64) (WARNING: The server did not provide any stacktrace information)
Command duration or timeout: 11 milliseconds
Build info: version: '2.53.0', revision: '35ae25b', time: '2016-03-15 17:00:58'
System info: host: 'Avichays-MacBook-Pro.local', ip: '10.0.12.215', os.name: 'Mac OS X', os.arch: 'x86_64', os.version: '10.12.6', java.version: '1.8.0_131'
Driver info: org.openqa.selenium.chrome.ChromeDriver
Capabilities [{applicationCacheEnabled=false, rotatable=false, mobileEmulationEnabled=false, networkConnectionEnabled=false, chrome={chromedriverVersion=2.29.461585 (0be2cd95f834e9ee7c46bcc7cf405b483f5ae83b), userDataDir=/var/folders/4m/y5vvsdc516qg8fr74pqft6q40000gn/T/.org.chromium.Chromium.zDv9kI}, takesHeapSnapshot=true, pageLoadStrategy=normal, databaseEnabled=false, handlesAlerts=true, hasTouchScreen=false, version=65.0.3325.181, platform=MAC, browserConnectionEnabled=false, nativeEvents=true, acceptSslCerts=true, locationContextEnabled=true, webStorageEnabled=true, browserName=chrome, takesScreenshot=true, javascriptEnabled=true, cssSelectorsEnabled=true, unexpectedAlertBehaviour=}]
Session ID: 16481ee2ac14aa590d61c7cc4a54906d
11:41:48.977 INFO - Executing: [find element: By.cssSelector: li[iteration="0"]])
11:41:48.984 INFO - Done: [find element: By.cssSelector: li[iteration="0"]]
11:41:48.986 INFO - Executing: [get text: 16 [[ChromeDriver: chrome on MAC (16481ee2ac14aa590d61c7cc4a54906d)] -> css selector: li[iteration="0"]]])
11:41:48.992 INFO - Done: [get text: 16 [[ChromeDriver: chrome on MAC (16481ee2ac14aa590d61c7cc4a54906d)] -> css selector: li[iteration="0"]]]
11:41:48.995 INFO - Executing: [find element: By.cssSelector: li[iteration="1"]])
11:41:49.001 INFO - Done: [find element: By.cssSelector: li[iteration="1"]]
11:41:49.003 INFO - Executing: [get text: 17 [[ChromeDriver: chrome on MAC (16481ee2ac14aa590d61c7cc4a54906d)] -> css selector: li[iteration="1"]]])
11:41:49.011 INFO - Done: [get text: 17 [[ChromeDriver: chrome on MAC (16481ee2ac14aa590d61c7cc4a54906d)] -> css selector: li[iteration="1"]]]
11:41:49.014 INFO - Executing: [find element: By.cssSelector: li[iteration="2"]])
11:41:49.021 INFO - Done: [find element: By.cssSelector: li[iteration="2"]]
11:41:49.023 INFO - Executing: [get text: 18 [[ChromeDriver: chrome on MAC (16481ee2ac14aa590d61c7cc4a54906d)] -> css selector: li[iteration="2"]]])
11:41:49.032 INFO - Done: [get text: 18 [[ChromeDriver: chrome on MAC (16481ee2ac14aa590d61c7cc4a54906d)] -> css selector: li[iteration="2"]]]
11:41:49.034 INFO - Executing: [find element: By.cssSelector: repeater-child span[prop="item 0"]])
11:41:49.043 INFO - Done: [find element: By.cssSelector: repeater-child span[prop="item 0"]]
11:41:49.045 INFO - Executing: [get text: 19 [[ChromeDriver: chrome on MAC (16481ee2ac14aa590d61c7cc4a54906d)] -> css selector: repeater-child span[prop="item 0"]]])
11:41:49.052 INFO - Done: [get text: 19 [[ChromeDriver: chrome on MAC (16481ee2ac14aa590d61c7cc4a54906d)] -> css selector: repeater-child span[prop="item 0"]]]
11:41:49.054 INFO - Executing: [find element: By.cssSelector: repeater-child span[prop="item 1"]])
11:41:49.061 INFO - Done: [find element: By.cssSelector: repeater-child span[prop="item 1"]]
11:41:49.064 INFO - Executing: [get text: 20 [[ChromeDriver: chrome on MAC (16481ee2ac14aa590d61c7cc4a54906d)] -> css selector: repeater-child span[prop="item 1"]]])
11:41:49.072 INFO - Done: [get text: 20 [[ChromeDriver: chrome on MAC (16481ee2ac14aa590d61c7cc4a54906d)] -> css selector: repeater-child span[prop="item 1"]]]
11:41:49.073 INFO - Executing: [find element: By.cssSelector: repeater-child span[prop="item 2"]])
11:41:49.079 INFO - Done: [find element: By.cssSelector: repeater-child span[prop="item 2"]]
11:41:49.081 INFO - Executing: [get text: 21 [[ChromeDriver: chrome on MAC (16481ee2ac14aa590d61c7cc4a54906d)] -> css selector: repeater-child span[prop="item 2"]]])
11:41:49.087 INFO - Done: [get text: 21 [[ChromeDriver: chrome on MAC (16481ee2ac14aa590d61c7cc4a54906d)] -> css selector: repeater-child span[prop="item 2"]]]
11:41:49.089 INFO - Executing: [find elements: By.cssSelector: li[iteration="3"]])
11:41:49.095 INFO - Done: [find elements: By.cssSelector: li[iteration="3"]]
11:41:49.098 INFO - Executing: [find elements: By.cssSelector: repeater-child span[prop="item 3"]])
11:41:49.104 INFO - Done: [find elements: By.cssSelector: repeater-child span[prop="item 3"]]
11:41:49.106 INFO - Executing: [delete all cookies])
11:41:49.109 INFO - Done: [delete all cookies]
11:41:49.110 INFO - Executing: [delete session: d78d6249-adca-4acd-89b7-6a43d9585c13])
11:41:49.176 INFO - Done: [delete session: d78d6249-adca-4acd-89b7-6a43d9585c13]
11:41:49.186 INFO - Executing: [new session: Capabilities [{headless=true, acceptSslCerts=true, name=Switch Test, browserName=chrome, javascriptEnabled=true, chromeOptions={args=[--start-maximized, --headless]}, platform=ANY}]])
11:41:49.187 INFO - Creating a new session for Capabilities [{headless=true, acceptSslCerts=true, name=Switch Test, browserName=chrome, javascriptEnabled=true, chromeOptions={args=[--start-maximized, --headless]}, platform=ANY}]
Starting ChromeDriver 2.29.461585 (0be2cd95f834e9ee7c46bcc7cf405b483f5ae83b) on port 35805
Only local connections are allowed.
11:41:49.644 INFO - Done: [new session: Capabilities [{headless=true, acceptSslCerts=true, name=Switch Test, browserName=chrome, javascriptEnabled=true, chromeOptions={args=[--start-maximized, --headless]}, platform=ANY}]]
11:41:49.653 INFO - Executing: [delete all cookies])
11:41:49.711 INFO - Done: [delete all cookies]
11:41:49.719 INFO - Executing: [get: http://localhost:8000/tests/switch.test.html])
11:41:50.032 INFO - Done: [get: http://localhost:8000/tests/switch.test.html]
11:41:50.036 INFO - Executing: [find elements: By.cssSelector: slim-test])
11:41:50.049 INFO - Done: [find elements: By.cssSelector: slim-test]
11:41:50.052 INFO - Executing: [find elements: By.cssSelector: #monitor])
11:41:50.065 INFO - Done: [find elements: By.cssSelector: #monitor]
11:41:50.067 INFO - Executing: [find elements: By.cssSelector: #monitor2])
11:41:50.080 INFO - Done: [find elements: By.cssSelector: #monitor2]
11:41:50.083 INFO - Executing: [find elements: By.cssSelector: #caseA])
11:41:50.096 INFO - Done: [find elements: By.cssSelector: #caseA]
11:41:50.100 INFO - Executing: [find elements: By.cssSelector: #caseB])
11:41:50.111 INFO - Done: [find elements: By.cssSelector: #caseB]
11:41:50.113 INFO - Executing: [find elements: By.cssSelector: test-child])
11:41:50.123 INFO - Done: [find elements: By.cssSelector: test-child]
11:41:50.126 INFO - Executing: [find elements: By.cssSelector: #caseDefault])
11:41:50.139 INFO - Done: [find elements: By.cssSelector: #caseDefault]
11:41:50.141 INFO - Executing: [find elements: By.cssSelector: test-child2])
11:41:50.152 INFO - Done: [find elements: By.cssSelector: test-child2]
11:41:50.154 INFO - Executing: [find elements: By.cssSelector: #monitor])
11:41:50.160 INFO - Done: [find elements: By.cssSelector: #monitor]
11:41:50.162 INFO - Executing: [get text: 1 [[ChromeDriver: chrome on MAC (33d93e027c7439d8e2a240c05b36b3c5)] -> css selector: #monitor]])
11:41:50.178 INFO - Done: [get text: 1 [[ChromeDriver: chrome on MAC (33d93e027c7439d8e2a240c05b36b3c5)] -> css selector: #monitor]]
11:41:50.180 INFO - Executing: [execute script: 
      window.unit.switchValue = 'b';
    , []])
11:41:51.338 WARN - Exception thrown
org.openqa.selenium.WebDriverException: unknown error: call function result missing 'value'
  (Session info: headless chrome=65.0.3325.181)
  (Driver info: chromedriver=2.29.461585 (0be2cd95f834e9ee7c46bcc7cf405b483f5ae83b),platform=Mac OS X 10.12.6 x86_64) (WARNING: The server did not provide any stacktrace information)
Command duration or timeout: 7 milliseconds
Build info: version: '2.53.0', revision: '35ae25b', time: '2016-03-15 17:00:58'
System info: host: 'Avichays-MacBook-Pro.local', ip: '10.0.12.215', os.name: 'Mac OS X', os.arch: 'x86_64', os.version: '10.12.6', java.version: '1.8.0_131'
Driver info: org.openqa.selenium.chrome.ChromeDriver
Capabilities [{applicationCacheEnabled=false, rotatable=false, mobileEmulationEnabled=false, networkConnectionEnabled=false, chrome={chromedriverVersion=2.29.461585 (0be2cd95f834e9ee7c46bcc7cf405b483f5ae83b), userDataDir=/var/folders/4m/y5vvsdc516qg8fr74pqft6q40000gn/T/.org.chromium.Chromium.Z7yZT5}, takesHeapSnapshot=true, pageLoadStrategy=normal, databaseEnabled=false, handlesAlerts=true, hasTouchScreen=false, version=65.0.3325.181, platform=MAC, browserConnectionEnabled=false, nativeEvents=true, acceptSslCerts=true, locationContextEnabled=true, webStorageEnabled=true, browserName=chrome, takesScreenshot=true, javascriptEnabled=true, cssSelectorsEnabled=true, unexpectedAlertBehaviour=}]
Session ID: 33d93e027c7439d8e2a240c05b36b3c5
	at sun.reflect.NativeConstructorAccessorImpl.newInstance0(Native Method)
	at sun.reflect.NativeConstructorAccessorImpl.newInstance(NativeConstructorAccessorImpl.java:62)
	at sun.reflect.DelegatingConstructorAccessorImpl.newInstance(DelegatingConstructorAccessorImpl.java:45)
	at java.lang.reflect.Constructor.newInstance(Constructor.java:423)
	at org.openqa.selenium.remote.ErrorHandler.createThrowable(ErrorHandler.java:206)
	at org.openqa.selenium.remote.ErrorHandler.throwIfResponseFailed(ErrorHandler.java:158)
	at org.openqa.selenium.remote.RemoteWebDriver.execute(RemoteWebDriver.java:678)
	at org.openqa.selenium.remote.RemoteWebDriver.executeScript(RemoteWebDriver.java:577)
	at sun.reflect.NativeMethodAccessorImpl.invoke0(Native Method)
	at sun.reflect.NativeMethodAccessorImpl.invoke(NativeMethodAccessorImpl.java:62)
	at sun.reflect.DelegatingMethodAccessorImpl.invoke(DelegatingMethodAccessorImpl.java:43)
	at java.lang.reflect.Method.invoke(Method.java:498)
	at org.openqa.selenium.support.events.EventFiringWebDriver$2.invoke(EventFiringWebDriver.java:103)
	at com.sun.proxy.$Proxy1.executeScript(Unknown Source)
	at org.openqa.selenium.support.events.EventFiringWebDriver.executeScript(EventFiringWebDriver.java:217)
	at org.openqa.selenium.remote.server.handler.ExecuteScript.call(ExecuteScript.java:56)
	at java.util.concurrent.FutureTask.run(FutureTask.java:266)
	at org.openqa.selenium.remote.server.DefaultSession$1.run(DefaultSession.java:176)
	at java.util.concurrent.ThreadPoolExecutor.runWorker(ThreadPoolExecutor.java:1142)
	at java.util.concurrent.ThreadPoolExecutor$Worker.run(ThreadPoolExecutor.java:617)
	at java.lang.Thread.run(Thread.java:748)
11:41:51.339 WARN - Exception: unknown error: call function result missing 'value'
  (Session info: headless chrome=65.0.3325.181)
  (Driver info: chromedriver=2.29.461585 (0be2cd95f834e9ee7c46bcc7cf405b483f5ae83b),platform=Mac OS X 10.12.6 x86_64) (WARNING: The server did not provide any stacktrace information)
Command duration or timeout: 7 milliseconds
Build info: version: '2.53.0', revision: '35ae25b', time: '2016-03-15 17:00:58'
System info: host: 'Avichays-MacBook-Pro.local', ip: '10.0.12.215', os.name: 'Mac OS X', os.arch: 'x86_64', os.version: '10.12.6', java.version: '1.8.0_131'
Driver info: org.openqa.selenium.chrome.ChromeDriver
Capabilities [{applicationCacheEnabled=false, rotatable=false, mobileEmulationEnabled=false, networkConnectionEnabled=false, chrome={chromedriverVersion=2.29.461585 (0be2cd95f834e9ee7c46bcc7cf405b483f5ae83b), userDataDir=/var/folders/4m/y5vvsdc516qg8fr74pqft6q40000gn/T/.org.chromium.Chromium.Z7yZT5}, takesHeapSnapshot=true, pageLoadStrategy=normal, databaseEnabled=false, handlesAlerts=true, hasTouchScreen=false, version=65.0.3325.181, platform=MAC, browserConnectionEnabled=false, nativeEvents=true, acceptSslCerts=true, locationContextEnabled=true, webStorageEnabled=true, browserName=chrome, takesScreenshot=true, javascriptEnabled=true, cssSelectorsEnabled=true, unexpectedAlertBehaviour=}]
Session ID: 33d93e027c7439d8e2a240c05b36b3c5
11:41:51.493 INFO - Executing: [find elements: By.cssSelector: #caseA])
11:41:51.500 INFO - Done: [find elements: By.cssSelector: #caseA]
11:41:51.503 INFO - Executing: [find elements: By.cssSelector: #caseB])
11:41:51.510 INFO - Done: [find elements: By.cssSelector: #caseB]
11:41:51.515 INFO - Executing: [find elements: By.cssSelector: test-child])
11:41:51.521 INFO - Done: [find elements: By.cssSelector: test-child]
11:41:51.523 INFO - Executing: [find elements: By.cssSelector: #caseDefault])
11:41:51.529 INFO - Done: [find elements: By.cssSelector: #caseDefault]
11:41:51.531 INFO - Executing: [find elements: By.cssSelector: test-child2])
11:41:51.537 INFO - Done: [find elements: By.cssSelector: test-child2]
11:41:51.539 INFO - Executing: [find elements: By.cssSelector: #monitor])
11:41:51.546 INFO - Done: [find elements: By.cssSelector: #monitor]
11:41:51.547 INFO - Executing: [get text: 1 [[ChromeDriver: chrome on MAC (33d93e027c7439d8e2a240c05b36b3c5)] -> css selector: #monitor]])
11:41:51.553 INFO - Done: [get text: 1 [[ChromeDriver: chrome on MAC (33d93e027c7439d8e2a240c05b36b3c5)] -> css selector: #monitor]]
11:41:51.555 INFO - Executing: [execute script: 
      window.unit.switchValue = 'c';
    , []])
11:41:52.892 WARN - Exception thrown
org.openqa.selenium.WebDriverException: unknown error: call function result missing 'value'
  (Session info: headless chrome=65.0.3325.181)
  (Driver info: chromedriver=2.29.461585 (0be2cd95f834e9ee7c46bcc7cf405b483f5ae83b),platform=Mac OS X 10.12.6 x86_64) (WARNING: The server did not provide any stacktrace information)
Command duration or timeout: 8 milliseconds
Build info: version: '2.53.0', revision: '35ae25b', time: '2016-03-15 17:00:58'
System info: host: 'Avichays-MacBook-Pro.local', ip: '10.0.12.215', os.name: 'Mac OS X', os.arch: 'x86_64', os.version: '10.12.6', java.version: '1.8.0_131'
Driver info: org.openqa.selenium.chrome.ChromeDriver
Capabilities [{applicationCacheEnabled=false, rotatable=false, mobileEmulationEnabled=false, networkConnectionEnabled=false, chrome={chromedriverVersion=2.29.461585 (0be2cd95f834e9ee7c46bcc7cf405b483f5ae83b), userDataDir=/var/folders/4m/y5vvsdc516qg8fr74pqft6q40000gn/T/.org.chromium.Chromium.Z7yZT5}, takesHeapSnapshot=true, pageLoadStrategy=normal, databaseEnabled=false, handlesAlerts=true, hasTouchScreen=false, version=65.0.3325.181, platform=MAC, browserConnectionEnabled=false, nativeEvents=true, acceptSslCerts=true, locationContextEnabled=true, webStorageEnabled=true, browserName=chrome, takesScreenshot=true, javascriptEnabled=true, cssSelectorsEnabled=true, unexpectedAlertBehaviour=}]
Session ID: 33d93e027c7439d8e2a240c05b36b3c5
	at sun.reflect.NativeConstructorAccessorImpl.newInstance0(Native Method)
	at sun.reflect.NativeConstructorAccessorImpl.newInstance(NativeConstructorAccessorImpl.java:62)
	at sun.reflect.DelegatingConstructorAccessorImpl.newInstance(DelegatingConstructorAccessorImpl.java:45)
	at java.lang.reflect.Constructor.newInstance(Constructor.java:423)
	at org.openqa.selenium.remote.ErrorHandler.createThrowable(ErrorHandler.java:206)
	at org.openqa.selenium.remote.ErrorHandler.throwIfResponseFailed(ErrorHandler.java:158)
	at org.openqa.selenium.remote.RemoteWebDriver.execute(RemoteWebDriver.java:678)
	at org.openqa.selenium.remote.RemoteWebDriver.executeScript(RemoteWebDriver.java:577)
	at sun.reflect.NativeMethodAccessorImpl.invoke0(Native Method)
	at sun.reflect.NativeMethodAccessorImpl.invoke(NativeMethodAccessorImpl.java:62)
	at sun.reflect.DelegatingMethodAccessorImpl.invoke(DelegatingMethodAccessorImpl.java:43)
	at java.lang.reflect.Method.invoke(Method.java:498)
	at org.openqa.selenium.support.events.EventFiringWebDriver$2.invoke(EventFiringWebDriver.java:103)
	at com.sun.proxy.$Proxy1.executeScript(Unknown Source)
	at org.openqa.selenium.support.events.EventFiringWebDriver.executeScript(EventFiringWebDriver.java:217)
	at org.openqa.selenium.remote.server.handler.ExecuteScript.call(ExecuteScript.java:56)
	at java.util.concurrent.FutureTask.run(FutureTask.java:266)
	at org.openqa.selenium.remote.server.DefaultSession$1.run(DefaultSession.java:176)
	at java.util.concurrent.ThreadPoolExecutor.runWorker(ThreadPoolExecutor.java:1142)
	at java.util.concurrent.ThreadPoolExecutor$Worker.run(ThreadPoolExecutor.java:617)
	at java.lang.Thread.run(Thread.java:748)
11:41:52.893 WARN - Exception: unknown error: call function result missing 'value'
  (Session info: headless chrome=65.0.3325.181)
  (Driver info: chromedriver=2.29.461585 (0be2cd95f834e9ee7c46bcc7cf405b483f5ae83b),platform=Mac OS X 10.12.6 x86_64) (WARNING: The server did not provide any stacktrace information)
Command duration or timeout: 8 milliseconds
Build info: version: '2.53.0', revision: '35ae25b', time: '2016-03-15 17:00:58'
System info: host: 'Avichays-MacBook-Pro.local', ip: '10.0.12.215', os.name: 'Mac OS X', os.arch: 'x86_64', os.version: '10.12.6', java.version: '1.8.0_131'
Driver info: org.openqa.selenium.chrome.ChromeDriver
Capabilities [{applicationCacheEnabled=false, rotatable=false, mobileEmulationEnabled=false, networkConnectionEnabled=false, chrome={chromedriverVersion=2.29.461585 (0be2cd95f834e9ee7c46bcc7cf405b483f5ae83b), userDataDir=/var/folders/4m/y5vvsdc516qg8fr74pqft6q40000gn/T/.org.chromium.Chromium.Z7yZT5}, takesHeapSnapshot=true, pageLoadStrategy=normal, databaseEnabled=false, handlesAlerts=true, hasTouchScreen=false, version=65.0.3325.181, platform=MAC, browserConnectionEnabled=false, nativeEvents=true, acceptSslCerts=true, locationContextEnabled=true, webStorageEnabled=true, browserName=chrome, takesScreenshot=true, javascriptEnabled=true, cssSelectorsEnabled=true, unexpectedAlertBehaviour=}]
Session ID: 33d93e027c7439d8e2a240c05b36b3c5
11:41:53.054 INFO - Executing: [find elements: By.cssSelector: #caseA])
11:41:53.061 INFO - Done: [find elements: By.cssSelector: #caseA]
11:41:53.063 INFO - Executing: [find elements: By.cssSelector: #caseB])
11:41:53.070 INFO - Done: [find elements: By.cssSelector: #caseB]
11:41:53.074 INFO - Executing: [find elements: By.cssSelector: test-child])
11:41:53.081 INFO - Done: [find elements: By.cssSelector: test-child]
11:41:53.083 INFO - Executing: [find elements: By.cssSelector: #caseDefault])
11:41:53.089 INFO - Done: [find elements: By.cssSelector: #caseDefault]
11:41:53.091 INFO - Executing: [find elements: By.cssSelector: test-child2])
11:41:53.098 INFO - Done: [find elements: By.cssSelector: test-child2]
11:41:53.100 INFO - Executing: [find elements: By.cssSelector: #monitor])
11:41:53.108 INFO - Done: [find elements: By.cssSelector: #monitor]
11:41:53.110 INFO - Executing: [get text: 1 [[ChromeDriver: chrome on MAC (33d93e027c7439d8e2a240c05b36b3c5)] -> css selector: #monitor]])
11:41:53.116 INFO - Done: [get text: 1 [[ChromeDriver: chrome on MAC (33d93e027c7439d8e2a240c05b36b3c5)] -> css selector: #monitor]]
11:41:53.118 INFO - Executing: [execute script: 
      window.unit.switchValue = 'other';
    , []])
11:41:54.540 WARN - Exception thrown
org.openqa.selenium.WebDriverException: unknown error: call function result missing 'value'
  (Session info: headless chrome=65.0.3325.181)
  (Driver info: chromedriver=2.29.461585 (0be2cd95f834e9ee7c46bcc7cf405b483f5ae83b),platform=Mac OS X 10.12.6 x86_64) (WARNING: The server did not provide any stacktrace information)
Command duration or timeout: 8 milliseconds
Build info: version: '2.53.0', revision: '35ae25b', time: '2016-03-15 17:00:58'
System info: host: 'Avichays-MacBook-Pro.local', ip: '10.0.12.215', os.name: 'Mac OS X', os.arch: 'x86_64', os.version: '10.12.6', java.version: '1.8.0_131'
Driver info: org.openqa.selenium.chrome.ChromeDriver
Capabilities [{applicationCacheEnabled=false, rotatable=false, mobileEmulationEnabled=false, networkConnectionEnabled=false, chrome={chromedriverVersion=2.29.461585 (0be2cd95f834e9ee7c46bcc7cf405b483f5ae83b), userDataDir=/var/folders/4m/y5vvsdc516qg8fr74pqft6q40000gn/T/.org.chromium.Chromium.Z7yZT5}, takesHeapSnapshot=true, pageLoadStrategy=normal, databaseEnabled=false, handlesAlerts=true, hasTouchScreen=false, version=65.0.3325.181, platform=MAC, browserConnectionEnabled=false, nativeEvents=true, acceptSslCerts=true, locationContextEnabled=true, webStorageEnabled=true, browserName=chrome, takesScreenshot=true, javascriptEnabled=true, cssSelectorsEnabled=true, unexpectedAlertBehaviour=}]
Session ID: 33d93e027c7439d8e2a240c05b36b3c5
	at sun.reflect.NativeConstructorAccessorImpl.newInstance0(Native Method)
	at sun.reflect.NativeConstructorAccessorImpl.newInstance(NativeConstructorAccessorImpl.java:62)
	at sun.reflect.DelegatingConstructorAccessorImpl.newInstance(DelegatingConstructorAccessorImpl.java:45)
	at java.lang.reflect.Constructor.newInstance(Constructor.java:423)
	at org.openqa.selenium.remote.ErrorHandler.createThrowable(ErrorHandler.java:206)
	at org.openqa.selenium.remote.ErrorHandler.throwIfResponseFailed(ErrorHandler.java:158)
	at org.openqa.selenium.remote.RemoteWebDriver.execute(RemoteWebDriver.java:678)
	at org.openqa.selenium.remote.RemoteWebDriver.executeScript(RemoteWebDriver.java:577)
	at sun.reflect.NativeMethodAccessorImpl.invoke0(Native Method)
	at sun.reflect.NativeMethodAccessorImpl.invoke(NativeMethodAccessorImpl.java:62)
	at sun.reflect.DelegatingMethodAccessorImpl.invoke(DelegatingMethodAccessorImpl.java:43)
	at java.lang.reflect.Method.invoke(Method.java:498)
	at org.openqa.selenium.support.events.EventFiringWebDriver$2.invoke(EventFiringWebDriver.java:103)
	at com.sun.proxy.$Proxy1.executeScript(Unknown Source)
	at org.openqa.selenium.support.events.EventFiringWebDriver.executeScript(EventFiringWebDriver.java:217)
	at org.openqa.selenium.remote.server.handler.ExecuteScript.call(ExecuteScript.java:56)
	at java.util.concurrent.FutureTask.run(FutureTask.java:266)
	at org.openqa.selenium.remote.server.DefaultSession$1.run(DefaultSession.java:176)
	at java.util.concurrent.ThreadPoolExecutor.runWorker(ThreadPoolExecutor.java:1142)
	at java.util.concurrent.ThreadPoolExecutor$Worker.run(ThreadPoolExecutor.java:617)
	at java.lang.Thread.run(Thread.java:748)
11:41:54.541 WARN - Exception: unknown error: call function result missing 'value'
  (Session info: headless chrome=65.0.3325.181)
  (Driver info: chromedriver=2.29.461585 (0be2cd95f834e9ee7c46bcc7cf405b483f5ae83b),platform=Mac OS X 10.12.6 x86_64) (WARNING: The server did not provide any stacktrace information)
Command duration or timeout: 8 milliseconds
Build info: version: '2.53.0', revision: '35ae25b', time: '2016-03-15 17:00:58'
System info: host: 'Avichays-MacBook-Pro.local', ip: '10.0.12.215', os.name: 'Mac OS X', os.arch: 'x86_64', os.version: '10.12.6', java.version: '1.8.0_131'
Driver info: org.openqa.selenium.chrome.ChromeDriver
Capabilities [{applicationCacheEnabled=false, rotatable=false, mobileEmulationEnabled=false, networkConnectionEnabled=false, chrome={chromedriverVersion=2.29.461585 (0be2cd95f834e9ee7c46bcc7cf405b483f5ae83b), userDataDir=/var/folders/4m/y5vvsdc516qg8fr74pqft6q40000gn/T/.org.chromium.Chromium.Z7yZT5}, takesHeapSnapshot=true, pageLoadStrategy=normal, databaseEnabled=false, handlesAlerts=true, hasTouchScreen=false, version=65.0.3325.181, platform=MAC, browserConnectionEnabled=false, nativeEvents=true, acceptSslCerts=true, locationContextEnabled=true, webStorageEnabled=true, browserName=chrome, takesScreenshot=true, javascriptEnabled=true, cssSelectorsEnabled=true, unexpectedAlertBehaviour=}]
Session ID: 33d93e027c7439d8e2a240c05b36b3c5
11:41:54.693 INFO - Executing: [find elements: By.cssSelector: #caseA])
11:41:54.700 INFO - Done: [find elements: By.cssSelector: #caseA]
11:41:54.703 INFO - Executing: [find elements: By.cssSelector: #caseB])
11:41:54.709 INFO - Done: [find elements: By.cssSelector: #caseB]
11:41:54.711 INFO - Executing: [find elements: By.cssSelector: test-child])
11:41:54.718 INFO - Done: [find elements: By.cssSelector: test-child]
11:41:54.720 INFO - Executing: [find elements: By.cssSelector: #caseDefault])
11:41:54.727 INFO - Done: [find elements: By.cssSelector: #caseDefault]
11:41:54.731 INFO - Executing: [find elements: By.cssSelector: test-child2])
11:41:54.739 INFO - Done: [find elements: By.cssSelector: test-child2]
11:41:54.744 INFO - Executing: [find elements: By.cssSelector: #monitor2])
11:41:54.750 INFO - Done: [find elements: By.cssSelector: #monitor2]
11:41:54.752 INFO - Executing: [get text: 2 [[ChromeDriver: chrome on MAC (33d93e027c7439d8e2a240c05b36b3c5)] -> css selector: #monitor2]])
11:41:54.767 INFO - Done: [get text: 2 [[ChromeDriver: chrome on MAC (33d93e027c7439d8e2a240c05b36b3c5)] -> css selector: #monitor2]]
11:41:54.769 INFO - Executing: [find elements: By.cssSelector: test-rep])
11:41:54.781 INFO - Done: [find elements: By.cssSelector: test-rep]
11:41:54.783 INFO - Executing: [find elements: By.cssSelector: #main > test-rep > ul > li:nth-child(1)])
11:41:54.795 INFO - Done: [find elements: By.cssSelector: #main > test-rep > ul > li:nth-child(1)]
11:41:54.798 INFO - Executing: [find elements: By.cssSelector: #main > test-rep > ul > li:nth-child(2)])
11:41:54.810 INFO - Done: [find elements: By.cssSelector: #main > test-rep > ul > li:nth-child(2)]
11:41:54.812 INFO - Executing: [find elements: By.cssSelector: #main > test-rep > ul > li:nth-child(3)])
11:41:54.825 INFO - Done: [find elements: By.cssSelector: #main > test-rep > ul > li:nth-child(3)]
11:41:54.828 INFO - Executing: [delete all cookies])
11:41:54.832 INFO - Done: [delete all cookies]
11:41:54.836 INFO - Executing: [delete session: b204dfc5-a239-4e26-8088-5d76e81708f7])
11:41:54.904 INFO - Done: [delete session: b204dfc5-a239-4e26-8088-5d76e81708f7]
